warning: No library characterized for (process = 1.00 voltage = 0.85 temperature = 25.00) can be found in the database for power domain '/PD_TOP'  [NL-174]
Report Power (instances with prefix '*' are included in total) : 
-----+----------------------+--------------------+---------------------+-------------------+-----------------
     | Instance             | Internal Power(uw) | Switching Power(uw) | Leakage Power(uw) | Total Power(uw) 
-----+----------------------+--------------------+---------------------+-------------------+-----------------
1    |*current_state_reg[0] |            3.023840|             8.526546|           0.115104|        11.665490
2    |*current_state_reg[2] |            2.626836|             6.871102|           0.115104|         9.613042
3    |*current_state_reg[1] |            2.647396|            10.265286|           0.115104|        13.027786
4    |*i_0_1_0              |            0.194023|             0.109695|           0.017393|         0.321112
5    |*i_0_1_1              |            0.179289|             0.265975|           0.021200|         0.466464
6    |*i_0_2_0              |            0.227370|             0.129718|           0.017393|         0.374481
7    |*i_0_2_1              |            0.217544|             0.327064|           0.021200|         0.565808
8    |*i_0_3_0              |            0.233618|             0.130838|           0.017393|         0.381849
9    |*i_0_3_1              |            0.219650|             0.330785|           0.021200|         0.571635
10   |*i_0_4_0              |            0.711495|             1.174526|           0.021200|         1.907221
11   |*i_0_4_1              |            0.813986|             0.455821|           0.017393|         1.287200
12   |*i_0_4_2              |            1.539941|             0.588709|           0.014353|         2.143003
13   |*i_0_5_0              |            1.348612|             0.550622|           0.014353|         1.913587
14   |*i_0_5_1              |            0.837834|             1.392492|           0.021200|         2.251525
15   |*i_0_6_0              |            1.337326|             0.493772|           0.014353|         1.845451
16   |*i_0_6_1              |            0.967567|             0.547859|           0.017393|         1.532819
17   |*i_0_6_2              |            0.847328|             1.424111|           0.021200|         2.292639
18   |*i_0_7_0              |            0.510403|             0.280215|           0.021200|         0.811817
19   |*i_0_7_1              |            0.909098|             0.995579|           0.047399|         1.952076
20   |*i_0_7_2              |            0.981983|             0.915777|           0.022619|         1.920379
21   |*i_0_7_3              |            0.715545|             0.513193|           0.034026|         1.262764
22   |*i_0_7_4              |            0.302860|             0.633492|           0.017393|         0.953745
23   |*i_0_7_5              |            0.402709|             0.465520|           0.027858|         0.896087
24   |*i_0_7_6              |            0.860751|             1.337588|           0.027858|         2.226197
25   |*i_0_7_7              |            0.475609|             0.645758|           0.021200|         1.142566
26   |*i_0_7_8              |            0.859518|             1.309708|           0.027858|         2.197084
27   |*i_0_7_9              |            0.793756|             1.103167|           0.021200|         1.918123
28   |*i_0_7_10             |            0.936506|             2.705164|           0.022619|         3.664290
29   |*i_0_7_11             |            0.386873|             0.211531|           0.026832|         0.625236
30   |*i_0_7_12             |            0.511921|             0.672204|           0.026832|         1.210958
31   |*i_0_7_13             |            0.797589|             0.956253|           0.041741|         1.795583
32   |*i_0_7_14             |            1.011915|             2.455952|           0.027858|         3.495726
33   |*i_0_7_15             |            0.556816|             1.004557|           0.022619|         1.583993
34   |*i_0_7_16             |            0.512290|             0.613732|           0.026832|         1.152853
35   |*i_0_7_17             |            0.269916|             0.544477|           0.014353|         0.828746
36   |*i_0_7_18             |            0.534973|             5.279693|           0.022619|         5.837285
37   |*i_0_7_19             |            0.618612|             0.808230|           0.026832|         1.453673
38   |*i_0_7_20             |            0.401926|             0.207939|           0.034566|         0.644431
39   |*i_0_7_21             |            0.354525|             0.550702|           0.014353|         0.919580
40   |*i_0_7_22             |            0.563322|             4.685272|           0.022619|         5.271214
41   |*i_0_7_23             |            0.313619|             2.507958|           0.017393|         2.838970
42   |*i_0_7_24             |            0.445014|             1.790208|           0.021200|         2.256422
43   |*i_0_7_25             |            0.654515|             1.265544|           0.021200|         1.941258
44   |*i_0_7_26             |            0.213519|             0.293427|           0.021200|         0.528146
45   |*i_0_7_27             |            0.469575|             4.221380|           0.014353|         4.705308
46   |*i_0_7_28             |            1.128546|            10.680764|           0.022619|        11.831929
47   |*i_0_7_29             |            0.704587|             0.630440|           0.024415|         1.359441
48   |*i_0_7_30             |            0.727183|             0.626554|           0.026481|         1.380219
49   |*i_0_7_31             |            0.560234|             1.370920|           0.032612|         1.963766
50   |*i_0_7_32             |            0.600117|             0.829404|           0.026832|         1.456353
51   |*i_0_7_33             |            0.427075|             1.849381|           0.021200|         2.297656
52   |*i_0_7_34             |            0.264275|             1.599768|           0.021200|         1.885243
53   |*i_0_7_35             |            0.096202|             0.160704|           0.026832|         0.283737
54   |*i_0_7_36             |            0.302565|             0.956569|           0.014353|         1.273487
55   |*i_0_7_37             |            0.429655|             5.654072|           0.021200|         6.104927
56   |*i_0_7_38             |            0.154382|             0.935770|           0.014353|         1.104506
57   |*i_0_7_39             |            0.224148|             3.352976|           0.021200|         3.598324
58   |*i_0_7_40             |            0.761042|             1.992989|           0.021200|         2.775231
59   |*i_0_7_41             |            0.977809|             6.810830|           0.027858|         7.816497
60   |*i_0_7_42             |            0.633759|             1.447907|           0.021200|         2.102865
61   |*i_0_7_43             |            0.501857|             0.640071|           0.026832|         1.168759
62   |*i_0_7_44             |            0.205168|             1.839223|           0.014353|         2.058744
63   |*i_0_7_45             |            0.179262|             2.603210|           0.014353|         2.796825
64   |*i_0_7_46             |            0.178314|             1.094588|           0.014353|         1.287254
65   |*i_0_7_47             |            0.932879|             2.855252|           0.014353|         3.802484
66   |*i_0_7_48             |            0.791707|             5.691240|           0.014353|         6.497301
67   |*i_0_7_49             |            1.029130|             1.457717|           0.014353|         2.501200
68   |*rt_shieldBuf__1      |            0.468019|             4.050831|           0.021438|         4.540288
69   |*rt_shieldBuf__1__1__0|            0.536922|             5.280274|           0.021438|         5.838634
70   |                      |                    |                     |                   |                 
71   |*TOTAL                |           47.154160|           136.970596|           1.796546|       185.921295
-----+----------------------+--------------------+---------------------+-------------------+-----------------
