Report Physical info: 
------------------------+-------------+-----------+------------
                        |             |Area (squm)|Leakage (uW)
------------------------+-------------+-----------+------------
Design Name             |try_op1      |           |            
  Total Instances       |           61|         75|       1.595
    Macros              |            0|          0|       0.000
    Pads                |            0|          0|       0.000
    Phys                |            0|          0|       0.000
    Blackboxes          |            0|          0|       0.000
    Cells               |           61|         75|       1.595
      Buffers           |            0|          0|       0.000
      Inverters         |           12|          6|       0.172
      Clock-Gates       |            0|          0|       0.000
      Combinational     |           43|         47|       1.063
      Latches           |            3|          8|       0.123
      FlipFlops         |            3|         14|       0.237
       Single-Bit FF    |            3|         14|       0.237
       Multi-Bit FF     |            0|          0|       0.000
       Clock-Gated      |            0|           |            
       Bits             |            3|         14|       0.237
         Load-Enabled   |            0|           |            
         Clock-Gated    |            0|           |            
  Tristate Pin Count    |            0|           |            
Physical Info           |Placed       |           |            
  Chip Size (mm x mm)   |0.073 x 0.073|       5258|            
  Fixed Cell Area       |             |          0|            
    Phys Only           |            0|          0|            
  Placeable Area        |             |        138|            
  Movable Cell Area     |             |         75|            
  Utilization (%)       |           54|           |            
  Chip Utilization (%)  |           54|           |            
  Total Wire Length (mm)|        0.803|           |            
  Longest Wire (mm)     |        0.037|           |            
  Average Wire (mm)     |        0.036|           |            
------------------------+-------------+-----------+------------
