warning: No library characterized for (process = 1.00 voltage = 0.85 temperature = 25.00) can be found in the database for power domain '/PD_TOP'  [NL-174]
Report Power (instances with prefix '*' are included in total) : 
-----+---------------------+--------------------+---------------------+-------------------+-----------------
     | Instance            | Internal Power(uw) | Switching Power(uw) | Leakage Power(uw) | Total Power(uw) 
-----+---------------------+--------------------+---------------------+-------------------+-----------------
1    |*next_state_reg[2]   |            2.957516|             0.864225|           0.040863|         3.862604
2    |*next_state_reg[1]   |            2.978128|             0.864225|           0.040863|         3.883216
3    |*next_state_reg[0]   |            2.961902|             0.864225|           0.040863|         3.866990
4    |*current_state_reg[2]|            2.136306|             7.345416|           0.079112|         9.560834
5    |*current_state_reg[1]|            2.136590|             9.507519|           0.079112|        11.723221
6    |*current_state_reg[0]|            2.136681|            10.198727|           0.079112|        12.414520
7    |*i_0_0_0             |            0.501408|             2.398773|           0.014353|         2.914535
8    |*i_0_0_1             |            0.926013|             0.411617|           0.025066|         1.362696
9    |*i_0_0_2             |            0.926013|             0.411617|           0.025066|         1.362696
10   |*i_0_0_3             |            0.926013|             0.411617|           0.025066|         1.362696
11   |*i_0_1_0             |            0.108289|             0.531203|           0.026832|         0.666324
12   |*i_0_1_1             |            0.727822|             0.944578|           0.022039|         1.694439
13   |*i_0_1_2             |            0.626682|             0.338589|           0.022619|         0.987891
14   |*i_0_1_3             |            0.315514|             0.688101|           0.021200|         1.024815
15   |*i_0_1_4             |            0.507550|             0.312662|           0.026832|         0.847044
16   |*i_0_1_5             |            0.144122|             0.603523|           0.021200|         0.768845
17   |*i_0_1_6             |            0.254284|             1.332595|           0.014353|         1.601232
18   |*i_0_1_7             |            0.428329|             3.656621|           0.022619|         4.107570
19   |*i_0_1_8             |            0.366488|             0.337736|           0.024415|         0.728638
20   |*i_0_1_9             |            0.127122|             0.366618|           0.014353|         0.508093
21   |*i_0_1_10            |            0.277337|             2.509662|           0.022619|         2.809618
22   |*i_0_1_11            |            0.336805|             0.519342|           0.021200|         0.877346
23   |*i_0_1_12            |            0.598759|             1.332726|           0.026832|         1.958317
24   |*i_0_1_13            |            0.552155|             1.050641|           0.025066|         1.627862
25   |*i_0_1_14            |            0.597064|             0.521318|           0.022619|         1.141001
26   |*i_0_1_15            |            0.056374|             0.168792|           0.014353|         0.239519
27   |*i_0_1_16            |            0.080849|             1.638546|           0.021200|         1.740594
28   |*i_0_1_17            |            0.825110|             1.698187|           0.034026|         2.557323
29   |*i_0_1_18            |            0.605563|             0.771156|           0.034566|         1.411284
30   |*i_0_1_19            |            0.294457|             1.914856|           0.026832|         2.236145
31   |*i_0_1_20            |            0.331884|             1.074690|           0.027858|         1.434432
32   |*i_0_1_21            |            0.537183|             0.655646|           0.022039|         1.214868
33   |*i_0_1_22            |            0.309719|             0.640799|           0.014353|         0.964871
34   |*i_0_1_23            |            0.695379|             6.125379|           0.022619|         6.843378
35   |*i_0_1_24            |            0.217112|             1.439809|           0.021200|         1.678120
36   |*i_0_1_25            |            0.370177|             1.161585|           0.022619|         1.554381
37   |*i_0_1_26            |            0.488839|             0.889278|           0.024415|         1.402532
38   |*i_0_1_27            |            0.335230|             1.050257|           0.017393|         1.402881
39   |*i_0_1_28            |            0.553122|             0.831859|           0.022619|         1.407601
40   |*i_0_1_29            |            0.465975|             1.557781|           0.027858|         2.051614
41   |*i_0_1_30            |            0.300435|             0.929806|           0.014353|         1.244594
42   |*i_0_1_31            |            0.583132|             5.951214|           0.022619|         6.556965
43   |*i_0_1_32            |            0.109377|             0.696941|           0.026832|         0.833149
44   |*i_0_1_33            |            0.412884|             1.259964|           0.027858|         1.700706
45   |*i_0_1_34            |            0.510652|             0.809921|           0.022619|         1.343192
46   |*i_0_1_35            |            1.177876|             2.789516|           0.022695|         3.990088
47   |*i_0_1_36            |            0.278475|             2.917330|           0.017393|         3.213198
48   |*i_0_1_37            |            0.639306|             1.567612|           0.034566|         2.241484
49   |*i_0_1_38            |            0.152509|             0.464602|           0.014353|         0.631463
50   |*i_0_1_39            |            0.313561|             4.428146|           0.026832|         4.768539
51   |*i_0_1_40            |            0.425533|             2.565794|           0.014353|         3.005681
52   |*i_0_1_41            |            0.781056|            10.403244|           0.022619|        11.206919
53   |*i_0_1_42            |            1.410119|             2.726586|           0.022695|         4.159400
54   |*i_0_1_43            |            1.083224|             0.591910|           0.026481|         1.701615
55   |*i_0_1_44            |            0.704206|             0.396736|           0.024415|         1.125357
56   |*i_0_1_45            |            0.495095|             0.568851|           0.032601|         1.096548
57   |*i_0_1_46            |            0.726402|             0.609237|           0.026481|         1.362120
58   |*i_0_1_47            |            1.032934|             1.407863|           0.014353|         2.455151
59   |*i_0_1_48            |            0.237751|             1.163620|           0.014353|         1.415724
60   |*i_0_1_49            |            0.237046|             4.316698|           0.014353|         4.568098
61   |*i_0_1_50            |            0.237265|             3.530865|           0.014353|         3.782484
62   |                     |                    |                     |                   |                 
63   |*TOTAL               |           42.570698|           120.038956|           1.595406|       164.205063
-----+---------------------+--------------------+---------------------+-------------------+-----------------
