warning: No library characterized for (process = 1.00 voltage = 0.85 temperature = 25.00) can be found in the database for power domain '/PD_TOP'  [NL-174]
Report Power (instances with prefix '*' are included in total) : 
-----+----------------------+--------------------+---------------------+-------------------+-----------------
     | Instance             | Internal Power(uw) | Switching Power(uw) | Leakage Power(uw) | Total Power(uw) 
-----+----------------------+--------------------+---------------------+-------------------+-----------------
1    |*cooler_reg           |            3.221480|             4.459198|           0.040863|         7.721541
2    |*heater_reg           |            3.329620|             4.459202|           0.040863|         7.829686
3    |*i_0_0_0              |            2.437572|             2.780185|           0.014353|         5.232110
4    |*i_0_0_1              |            1.698076|             4.919592|           0.017393|         6.635061
5    |*i_0_0_2              |            1.295925|             0.661673|           0.017393|         1.974991
6    |*i_0_1_0              |            1.295826|             0.732271|           0.017393|         2.045491
7    |*i_0_1_1              |            0.790048|             1.301510|           0.021200|         2.112757
8    |*i_0_2_0              |            1.178871|             1.301510|           0.014353|         2.494734
9    |*i_0_2_1              |            1.111226|             2.302176|           0.018105|         3.431507
10   |*i_0_2_2              |            2.381754|             1.018504|           0.014353|         3.414612
11   |*i_0_2_3              |            2.380850|             0.991171|           0.014353|         3.386374
12   |*i_0_3_0              |            1.178869|             1.300942|           0.014353|         2.494164
13   |*i_0_3_1              |            1.111226|             2.302176|           0.018105|         3.431507
14   |*i_0_3_2              |            2.381754|             1.018504|           0.014353|         3.414612
15   |*i_0_3_3              |            2.380850|             0.991171|           0.014353|         3.386374
16   |*i_0_4_0              |            1.137581|             1.300146|           0.014353|         2.452080
17   |*i_0_4_1              |            0.754085|             2.295810|           0.017393|         3.067287
18   |*i_0_4_2              |            1.313128|             0.685272|           0.021200|         2.019599
19   |*i_0_5_0              |            0.324881|             0.372063|           0.014353|         0.711297
20   |*i_0_5_1              |            0.939991|             5.283596|           0.041741|         6.265328
21   |*i_0_5_2              |            0.717063|             0.685810|           0.022039|         1.424912
22   |*i_0_5_3              |            0.146793|             0.139444|           0.024415|         0.310652
23   |*i_0_5_4              |            0.455903|             0.804024|           0.022619|         1.282547
24   |*i_0_5_5              |            0.120946|             0.139089|           0.032601|         0.292636
25   |*i_0_5_6              |            0.877676|             2.227677|           0.027858|         3.133211
26   |*i_0_5_7              |            0.979684|             2.740329|           0.022619|         3.742632
27   |*i_0_5_8              |            1.032459|             1.000037|           0.022619|         2.055116
28   |*i_0_5_9              |            1.016817|             1.366544|           0.022619|         2.405981
29   |*i_0_5_10             |            0.149203|             0.149183|           0.021200|         0.319585
30   |*i_0_5_11             |            0.879276|             0.809228|           0.022619|         1.711123
31   |*i_0_5_12             |            0.610058|             0.375967|           0.022619|         1.008645
32   |*i_0_5_13             |            0.763591|             0.885184|           0.032612|         1.681387
33   |*i_0_5_14             |            0.779246|             0.835326|           0.034026|         1.648598
34   |*i_0_5_15             |            0.667373|             0.876327|           0.022619|         1.566319
35   |*i_0_5_16             |            0.648475|             0.890703|           0.022619|         1.561797
36   |*i_0_5_17             |            1.010897|             1.463171|           0.022619|         2.496687
37   |*i_0_5_18             |            0.920726|             1.377786|           0.021200|         2.319711
38   |*i_0_5_19             |            0.628892|             0.864720|           0.034566|         1.528178
39   |*i_0_5_20             |            0.676281|             0.745346|           0.017393|         1.439021
40   |*i_0_5_21             |            0.998494|             0.375409|           0.043178|         1.417081
41   |*i_0_5_22             |            0.101255|             0.132592|           0.017393|         0.251240
42   |*i_0_5_23             |            0.313696|             1.821847|           0.014353|         2.149896
43   |*i_0_5_24             |            0.590564|             6.173445|           0.022619|         6.786629
44   |*i_0_5_25             |            0.209696|             0.404256|           0.014353|         0.628305
45   |*i_0_5_26             |            0.640531|             3.448840|           0.033938|         4.123309
46   |*i_0_5_27             |            0.138686|             0.694248|           0.014353|         0.847287
47   |*i_0_5_28             |            0.275944|             2.588052|           0.026832|         2.890827
48   |*i_0_5_29             |            0.267201|             0.980982|           0.018105|         1.266287
49   |*i_0_5_30             |            0.267374|             1.145216|           0.018105|         1.430694
50   |*i_0_5_31             |            0.500373|             0.971923|           0.021200|         1.493495
51   |*i_0_5_32             |            0.973468|             0.820147|           0.027858|         1.821473
52   |*i_0_5_33             |            0.265815|             0.795889|           0.014353|         1.076057
53   |*i_0_5_34             |            0.423492|             5.224590|           0.021200|         5.669282
54   |*i_0_5_35             |            0.383971|             1.225777|           0.021200|         1.630947
55   |*i_0_5_36             |            0.356488|             2.863399|           0.014353|         3.234240
56   |*i_0_5_37             |            0.558372|             9.129136|           0.021200|         9.708708
57   |*i_0_5_38             |            0.593844|             2.843756|           0.022039|         3.459639
58   |*i_0_5_39             |            0.192009|             0.144603|           0.021200|         0.357811
59   |*i_0_5_40             |            0.343715|             1.459496|           0.017393|         1.820604
60   |*i_0_5_41             |            0.609276|             0.641708|           0.027858|         1.278842
61   |*i_0_5_42             |            0.342841|             1.453419|           0.021200|         1.817459
62   |*i_0_5_43             |            0.638724|             5.105868|           0.017393|         5.761986
63   |*i_0_5_44             |            1.151221|             7.959692|           0.022619|         9.133531
64   |*i_0_5_45             |            0.704587|             0.630440|           0.024415|         1.359441
65   |*i_0_5_46             |            0.727183|             0.626554|           0.026481|         1.380219
66   |*i_0_5_47             |            0.452702|             2.589389|           0.014353|         3.056444
67   |*i_0_5_48             |            0.932479|            11.169645|           0.027858|        12.129982
68   |*i_0_5_49             |            0.633759|             1.447907|           0.021200|         2.102865
69   |*i_0_5_50             |            0.501857|             0.640071|           0.026832|         1.168759
70   |*i_0_5_51             |            0.333513|             0.247891|           0.017393|         0.598798
71   |*i_0_5_52             |            0.926818|             2.959892|           0.014353|         3.901063
72   |*i_0_5_53             |            0.853445|             4.226540|           0.014353|         5.094338
73   |*i_0_5_54             |            0.941058|             2.714055|           0.014353|         3.669466
74   |*i_0_5_55             |            1.029130|             1.457717|           0.014353|         2.501200
75   |*i_0_5_56             |            0.316384|             4.599661|           0.014353|         4.930398
76   |*i_0_5_57             |            0.316590|             3.860126|           0.014353|         4.191070
77   |*state_reg[0]         |            4.461338|            13.538604|           0.125988|        18.125931
78   |*rt_shieldBuf__1      |            0.826658|             9.031606|           0.021438|         9.879702
79   |*rt_shieldBuf__1__1__0|            0.831748|             7.254417|           0.021438|         8.107603
80   |*rt_shieldBuf__1__1__1|            0.835221|             5.793334|           0.021438|         6.649992
81   |*state_reg[2]         |            4.459563|            12.322115|           0.125988|        16.907665
82   |*state_reg[1]         |            4.459730|            12.321734|           0.125988|        16.907452
83   |                      |                    |                     |                   |                 
84   |*TOTAL                |           81.405777|           214.688507|           2.073537|       298.167816
-----+----------------------+--------------------+---------------------+-------------------+-----------------
