warning: No library characterized for (process = 1.00 voltage = 0.85 temperature = 25.00) can be found in the database for power domain '/PD_TOP'  [NL-174]
Report Power (instances with prefix '*' are included in total) : 
-----+---------------------+--------------------+---------------------+-------------------+-----------------
     | Instance            | Internal Power(uw) | Switching Power(uw) | Leakage Power(uw) | Total Power(uw) 
-----+---------------------+--------------------+---------------------+-------------------+-----------------
1    |*current_state_reg[2]|            1.438298|             6.394664|           0.079112|         7.912075
2    |*current_state_reg[1]|            1.661621|             7.940426|           0.079112|         9.681159
3    |*current_state_reg[0]|            1.564651|             6.993215|           0.079112|         8.636978
4    |*cooler_reg          |            3.442610|             4.429599|           0.040863|         7.913072
5    |*heater_reg          |            3.450293|             4.426479|           0.040863|         7.917634
6    |*i_0_0_0             |            0.070799|             0.026999|           0.026481|         0.124279
7    |*i_0_0_1             |            0.541680|             0.524451|           0.034566|         1.100697
8    |*i_0_0_2             |            0.049640|             0.029606|           0.026832|         0.106077
9    |*i_0_0_3             |            0.305124|             1.928502|           0.021200|         2.254826
10   |*i_0_0_4             |            0.049618|             0.285714|           0.021200|         0.356531
11   |*i_0_0_5             |            0.337282|             0.265873|           0.021200|         0.624355
12   |*i_0_0_6             |            0.666049|             0.972983|           0.027858|         1.666890
13   |*i_0_0_7             |            0.998117|             1.009696|           0.048314|         2.056127
14   |*i_0_0_8             |            0.794165|             0.629116|           0.021200|         1.444481
15   |*i_0_0_9             |            1.031451|             1.371112|           0.027858|         2.430422
16   |*i_0_0_10            |            0.710685|             1.014321|           0.022619|         1.747625
17   |*i_0_0_11            |            0.350993|             0.536584|           0.026832|         0.914408
18   |*i_0_0_12            |            0.492554|             0.779058|           0.027858|         1.299470
19   |*i_0_0_13            |            0.592629|             0.916475|           0.021200|         1.530304
20   |*i_0_0_14            |            0.232680|             2.203968|           0.021200|         2.457848
21   |*i_0_0_15            |            0.959013|             1.354208|           0.027858|         2.341080
22   |*i_0_0_16            |            0.259879|             0.205000|           0.021200|         0.486079
23   |*i_0_0_17            |            0.532289|             0.882630|           0.032612|         1.447531
24   |*i_0_0_18            |            0.746959|             0.725677|           0.024415|         1.497051
25   |*i_0_0_19            |            0.725568|             0.987216|           0.034026|         1.746811
26   |*i_0_0_20            |            0.296732|             0.725912|           0.027858|         1.050503
27   |*i_0_0_21            |            0.653766|             2.734753|           0.021200|         3.409719
28   |*i_0_0_22            |            0.738515|             2.407075|           0.021200|         3.166790
29   |*i_0_0_23            |            0.435757|             0.969516|           0.017393|         1.422666
30   |*i_0_0_24            |            0.462573|             0.972690|           0.022039|         1.457301
31   |*i_0_0_25            |            0.589752|             0.799421|           0.022619|         1.411792
32   |*i_0_0_26            |            0.335190|             0.190923|           0.034566|         0.560679
33   |*i_0_0_27            |            0.553525|             0.605795|           0.027858|         1.187178
34   |*i_0_0_28            |            0.402407|             0.593491|           0.022619|         1.018517
35   |*i_0_0_29            |            0.393803|             0.500330|           0.022039|         0.916172
36   |*i_0_0_30            |            0.740458|             2.154799|           0.021200|         2.916457
37   |*i_0_0_31            |            0.623055|             1.807985|           0.017393|         2.448432
38   |*i_0_0_32            |            0.152937|             0.226514|           0.014353|         0.393804
39   |*i_0_0_33            |            0.221354|             3.420403|           0.017393|         3.659149
40   |*i_0_0_34            |            0.052050|             0.331321|           0.017393|         0.400764
41   |*i_0_0_35            |            0.102386|             0.623771|           0.014353|         0.740510
42   |*i_0_0_36            |            0.149192|             2.313428|           0.017393|         2.480014
43   |*i_0_0_37            |            0.424402|             1.831594|           0.021200|         2.277195
44   |*i_0_0_38            |            0.609124|             1.618852|           0.026832|         2.254807
45   |*i_0_0_39            |            0.172117|             1.415989|           0.021200|         1.609305
46   |*i_0_0_40            |            0.194701|             0.822341|           0.017393|         1.034435
47   |*i_0_0_41            |            0.633793|             2.089633|           0.021200|         2.744626
48   |*i_0_0_42            |            1.036819|             4.131367|           0.027858|         5.196045
49   |*i_0_0_43            |            1.187018|             1.103167|           0.025066|         2.315252
50   |*i_0_0_44            |            0.704582|             0.628889|           0.024415|         1.357886
51   |*i_0_0_45            |            0.974066|             4.513785|           0.027858|         5.515710
52   |*i_0_0_46            |            0.502233|             0.629489|           0.026832|         1.158554
53   |*i_0_0_47            |            0.549525|             0.651865|           0.018105|         1.219496
54   |*i_0_0_48            |            0.868677|             3.963594|           0.014353|         4.846624
55   |*i_0_0_49            |            0.848622|             4.309813|           0.014353|         5.172788
56   |*i_0_0_50            |            1.035796|             1.370355|           0.014353|         2.420503
57   |*i_0_0_51            |            0.184737|             1.940969|           0.014353|         2.140060
58   |*i_0_0_52            |            0.159775|             2.185240|           0.014353|         2.359368
59   |                     |                    |                     |                   |                 
60   |*TOTAL               |           38.994080|           101.418640|           1.544184|       141.956909
-----+---------------------+--------------------+---------------------+-------------------+-----------------
