Report for group default
------------------------------------------------------------------------------------------------------------------------------------------------------------
Startpoint: current_state_reg[2]/Q
    (Clocked by sysclk R)
Endpoint: current_state_reg[0]/D
    (Clocked by sysclk R)
Path Group: default
Data required time: 1467.6
    (Clock shift: 1500.0, minus Uncertainty: 0.0, plus Latency 0.0, minus Setup time: 32.4)
Data arrival time: 420.5
Slack: 1047.1
Logic depth: 6
------------------------------------------------------------------------------------------------------------------------------------------------------------
                                                     Arrival               Arc      Net               Net    Total   fan-                                   
Path                     Module/Cell           Edge     Time    Delay    Delay    Delay     Slew     Load     Load    out     Location Power Domain      (V)
                                                        (ps)     (ps)     (ps)     (ps)     (ps)     (ff)     (ff)    (#)      (um,um)                      
------------------------------------------------------------------------------------------------------------------------------------------------------------
Clk                      {create_clock}           r      0.0      0.0      0.0                        0.0      0.0      3    34,    0                       
current_state_reg[2]/CK->Q
                         DFF_X1*                 rr    156.0    156.0    156.0      0.0      0.0      3.0     51.9      5    35,   35  /PD_TOP        (1.10)
i_0_0_50/A->ZN           INV_X8                  rf    168.3     12.3     12.2      0.1     15.3      3.5     23.6      5    35,   35  /PD_TOP        (1.10)
i_0_0_37/A1->ZN          NOR3_X4*                fr    250.2     81.9     81.8      0.1      5.7      2.8     31.8      5    35,   35  /PD_TOP        (1.10)
i_0_0_7/A1->ZN           NOR2_X2                 rf    259.1      8.9      8.8      0.1     15.3      0.8      2.4      1    35,   35  /PD_TOP        (1.10)
i_0_0_6/B2->ZN           OAI33_X1                fr    360.9    101.8    101.8      0.0      5.1      0.9      5.0      1    35,   35  /PD_TOP        (1.10)
i_0_0_5/B2->ZN           AOI22_X4                rf    395.0     34.1     34.1      0.0     82.5      0.7      4.9      1    35,   35  /PD_TOP        (1.10)
i_0_0_4/A2->ZN           NOR2_X2                 fr    420.5     25.5     25.5      0.0     12.6      0.7      1.8      1    35,   35  /PD_TOP        (1.10)
current_state_reg[0]/D   DFF_X1                   r    420.5      0.0               0.0     12.1                             35,   35  /PD_TOP        (1.10)
------------------------------------------------------------------------------------------------------------------------------------------------------------
Report for group I2R
------------------------------------------------------------------------------------------------------------------------------------------------------------
Startpoint: ST[2]
    (Clocked by rtDefaultClock R)
Endpoint: current_state_reg[2]/D
    (Clocked by sysclk R)
Path Group: I2R
Data required time: 1461.4
    (Clock shift: 1500.0, minus Uncertainty: 0.0, plus Latency 0.0, minus Setup time: 38.6)
Data arrival time: 1060.4
Slack: 401.0
Logic depth: 7
------------------------------------------------------------------------------------------------------------------------------------------------------------
                                                     Arrival               Arc      Net               Net    Total   fan-                                   
Path                     Module/Cell           Edge     Time    Delay    Delay    Delay     Slew     Load     Load    out     Location Power Domain      (V)
                                                        (ps)     (ps)     (ps)     (ps)     (ps)     (ff)     (ff)    (#)      (um,um)                      
------------------------------------------------------------------------------------------------------------------------------------------------------------
ST[2]                    {set_input_delay}        f    700.0    700.0    700.0                        5.3      9.4      2     0,   35                       
i_0_0_45/A2->ZN          OR3_X4                  ff    800.0    100.0     99.6      0.4    100.0      0.7      3.0      1    35,   35  /PD_TOP        (1.10)
i_0_0_44/A3->ZN          AND3_X4                 ff    834.1     34.1     34.1      0.0     11.4      0.7      4.8      1    35,   35  /PD_TOP        (1.10)
i_0_0_43/A2->ZN          NOR2_X4                 fr    873.6     39.5     39.5      0.0      6.2      1.9     14.2      3    35,   35  /PD_TOP        (1.10)
i_0_0_38/A1->ZN          NOR2_X4                 rf    886.5     12.9     12.9      0.0     26.8      1.5      7.9      2    35,   35  /PD_TOP        (1.10)
i_0_0_36/A4->ZN          NOR4_X4                 fr    977.6     91.1     91.1      0.0      6.4      1.5      8.3      2    35,   35  /PD_TOP        (1.10)
i_0_0_29/B->ZN           AOI211_X2               rf    999.6     22.0     22.0      0.0     52.4      0.8      3.4      1    35,   35  /PD_TOP        (1.10)
i_0_0_28/B->ZN           AOI211_X2               fr   1060.4     60.8     60.8      0.0      8.9      0.8      1.9      1    35,   35  /PD_TOP        (1.10)
current_state_reg[2]/D   DFF_X1                   r   1060.4      0.0               0.0     34.9                             35,   35  /PD_TOP        (1.10)
------------------------------------------------------------------------------------------------------------------------------------------------------------
Report for group I2O
Report for group R2O
------------------------------------------------------------------------------------------------------------------------------------------------------------
Startpoint: current_state_reg[2]/Q
    (Clocked by sysclk R)
Endpoint: winbuzz
    (Clocked by vsysclk R)
Path Group: R2O
Data required time: 1050.0
    (Clock shift: 1500.0, minus Uncertainty: 0.0, plus Latency 0.0, minus Out delay: 450.0)
Data arrival time: 250.6
Slack: 799.4
Logic depth: 2
------------------------------------------------------------------------------------------------------------------------------------------------------------
                                                     Arrival               Arc      Net               Net    Total   fan-                                   
Path                     Module/Cell           Edge     Time    Delay    Delay    Delay     Slew     Load     Load    out     Location Power Domain      (V)
                                                        (ps)     (ps)     (ps)     (ps)     (ps)     (ff)     (ff)    (#)      (um,um)                      
------------------------------------------------------------------------------------------------------------------------------------------------------------
Clk                      {create_clock}           r      0.0      0.0      0.0                        0.0      0.0      3    34,    0                       
current_state_reg[2]/CK->Q
                         DFF_X1*                 rr    156.0    156.0    156.0      0.0      0.0      3.0     51.9      5    35,   35  /PD_TOP        (1.10)
i_0_0_50/A->ZN           INV_X8                  rf    168.3     12.3     12.2      0.1     15.3      3.5     23.6      5    35,   35  /PD_TOP        (1.10)
i_0_0_37/A1->ZN          NOR3_X4*                fr    250.2     81.9     81.8      0.1      5.7      7.4     31.8      5    35,   35  /PD_TOP        (1.10)
winbuzz                                           r    250.6      0.4               0.4     15.3                             36,    0                       
------------------------------------------------------------------------------------------------------------------------------------------------------------
