Report End Points: 
-----+-------+------+-------+------+-----+-----+------+----------------------+----------------------
     |Group  |Launch|Capture|Shift |Delay|Depth|Slack |Begin Point           |End Point             
-----+-------+------+-------+------+-----+-----+------+----------------------+----------------------
1    |default|sysclk|sysclk |1500.0|398.3|    6| 904.2|current_state_reg[0]/Q|current_state_reg[2]/D
2    |default|sysclk|sysclk |1500.0|250.7|    6|1055.2|current_state_reg[2]/Q|current_state_reg[0]/D
3    |default|sysclk|sysclk |1500.0|200.7|    8|1103.6|current_state_reg[2]/Q|current_state_reg[1]/D
-----+-------+------+-------+------+-----+-----+------+----------------------+----------------------
Report End Points: 
-----+-----+--------------+-------+------+-----+-----+-----+-----------+----------------------
     |Group|Launch        |Capture|Shift |Delay|Depth|Slack|Begin Point|End Point             
-----+-----+--------------+-------+------+-----+-----+-----+-----------+----------------------
1    |I2R  |rtDefaultClock|sysclk |1500.0|359.6|    5|400.4|SFA        |current_state_reg[2]/D
2    |I2R  |rtDefaultClock|sysclk |1500.0|317.5|    6|450.1|ST[4]      |current_state_reg[0]/D
3    |I2R  |rtDefaultClock|sysclk |1500.0|278.1|    8|482.5|ST[2]      |current_state_reg[1]/D
-----+-----+--------------+-------+------+-----+-----+-----+-----------+----------------------
Report End Points: 
-----+-----+--------------+-------+------+-----+-----+-----+-----------+---------
     |Group|Launch        |Capture|Shift |Delay|Depth|Slack|Begin Point|End Point
-----+-----+--------------+-------+------+-----+-----+-----+-----------+---------
1    |I2O  |rtDefaultClock|vsysclk|1500.0|124.3|    2|225.7|SFA        |alarmbuzz
2    |I2O  |rtDefaultClock|vsysclk|1500.0|103.3|    2|246.7|SRD        |rdoor    
3    |I2O  |rtDefaultClock|vsysclk|1500.0| 79.3|    2|270.7|SFD        |fdoor    
-----+-----+--------------+-------+------+-----+-----+-----+-----------+---------
Report End Points: 
-----+-----+------+-------+------+-----+-----+-----+----------------------+---------
     |Group|Launch|Capture|Shift |Delay|Depth|Slack|Begin Point           |End Point
-----+-----+------+-------+------+-----+-----+-----+----------------------+---------
1    |R2O  |sysclk|vsysclk|1500.0|149.9|    4|742.6|current_state_reg[0]/Q|fdoor    
2    |R2O  |sysclk|vsysclk|1500.0|133.2|    2|757.3|current_state_reg[1]/Q|rdoor    
3    |R2O  |sysclk|vsysclk|1500.0|106.2|    2|786.3|current_state_reg[0]/Q|alarmbuzz
-----+-----+------+-------+------+-----+-----+-----+----------------------+---------
