warning: No library characterized for (process = 1.00 voltage = 0.85 temperature = 25.00) can be found in the database for power domain '/PD_TOP'  [NL-174]
Report Power (instances with prefix '*' are included in total) : 
-----+---------------------+--------------------+---------------------+-------------------+-----------------
     | Instance            | Internal Power(uw) | Switching Power(uw) | Leakage Power(uw) | Total Power(uw) 
-----+---------------------+--------------------+---------------------+-------------------+-----------------
1    |*current_state_reg[2]|            1.414034|             6.947714|           0.079112|         8.440860
2    |*current_state_reg[1]|            1.609703|             7.080677|           0.079112|         8.769492
3    |*current_state_reg[0]|            1.496290|             5.928086|           0.079112|         7.503489
4    |*i_0_0_0             |            0.237347|             1.097312|           0.026832|         1.361491
5    |*i_0_0_1             |            0.514583|             2.165398|           0.034566|         2.714547
6    |*i_0_0_2             |            0.122829|             0.343747|           0.025066|         0.491642
7    |*i_0_0_3             |            0.311504|             1.124164|           0.032601|         1.468269
8    |*i_0_0_4             |            0.044633|             0.216450|           0.026832|         0.287914
9    |*i_0_0_5             |            0.281080|             0.220973|           0.021200|         0.523253
10   |*i_0_0_6             |            0.775105|             0.921657|           0.032612|         1.729374
11   |*i_0_0_7             |            0.690600|             0.647733|           0.048314|         1.386647
12   |*i_0_0_8             |            0.820044|             0.625368|           0.027858|         1.473270
13   |*i_0_0_9             |            0.667666|             1.103167|           0.017393|         1.788227
14   |*i_0_0_10            |            0.399725|             0.334413|           0.027858|         0.761996
15   |*i_0_0_11            |            0.991487|             1.006460|           0.033938|         2.031884
16   |*i_0_0_12            |            1.129685|             1.008963|           0.048314|         2.186963
17   |*i_0_0_13            |            1.025465|             1.410136|           0.022619|         2.458220
18   |*i_0_0_14            |            0.313734|             0.213500|           0.027858|         0.555092
19   |*i_0_0_15            |            0.202969|             0.231930|           0.018127|         0.453026
20   |*i_0_0_16            |            0.529835|             0.816552|           0.022619|         1.369006
21   |*i_0_0_17            |            0.577309|             0.863305|           0.022619|         1.463233
22   |*i_0_0_18            |            0.601941|             0.932942|           0.022619|         1.557503
23   |*i_0_0_19            |            0.449170|             0.917939|           0.021200|         1.388309
24   |*i_0_0_20            |            0.357825|             1.034121|           0.027858|         1.419805
25   |*i_0_0_21            |            0.020989|             0.188623|           0.021200|         0.230812
26   |*i_0_0_22            |            0.388683|             1.124849|           0.021200|         1.534732
27   |*i_0_0_23            |            0.464708|             0.655586|           0.026832|         1.147125
28   |*i_0_0_24            |            0.448415|             1.334267|           0.014353|         1.797035
29   |*i_0_0_25            |            0.923061|             8.839804|           0.022619|         9.785484
30   |*i_0_0_26            |            0.533229|             0.233994|           0.041741|         0.808965
31   |*i_0_0_27            |            0.744648|             2.034885|           0.021200|         2.800733
32   |*i_0_0_28            |            1.599012|             0.654327|           0.014353|         2.267692
33   |*i_0_0_29            |            1.002207|             5.099636|           0.048314|         6.150156
34   |*i_0_0_30            |            0.372654|             1.201296|           0.021200|         1.595150
35   |*i_0_0_31            |            0.522340|             2.709772|           0.017393|         3.249505
36   |*i_0_0_32            |            0.036147|             0.028984|           0.026832|         0.091963
37   |*i_0_0_33            |            0.310034|             1.385977|           0.014353|         1.710364
38   |*i_0_0_34            |            0.450821|             7.479362|           0.021200|         7.951383
39   |*i_0_0_35            |            0.464194|             0.460924|           0.021200|         0.946317
40   |*i_0_0_36            |            0.090629|             0.099362|           0.022619|         0.212610
41   |*i_0_0_37            |            0.469660|             3.538587|           0.014353|         4.022600
42   |*i_0_0_38            |            1.132834|            10.166249|           0.022619|        11.321702
43   |*i_0_0_39            |            0.704587|             0.630440|           0.024415|         1.359441
44   |*i_0_0_40            |            0.727183|             0.626554|           0.026481|         1.380219
45   |*i_0_0_41            |            0.795965|             4.093579|           0.021200|         4.910744
46   |*i_0_0_42            |            1.132539|             1.664381|           0.026481|         2.823401
47   |*i_0_0_43            |            0.704206|             0.396736|           0.024415|         1.125357
48   |*i_0_0_44            |            0.097100|             0.563012|           0.021200|         0.681311
49   |*i_0_0_45            |            0.125325|             0.783506|           0.017393|         0.926225
50   |*i_0_0_46            |            0.873433|             3.881496|           0.014353|         4.769281
51   |*i_0_0_47            |            0.877914|             3.804128|           0.014353|         4.696395
52   |*i_0_0_48            |            0.711310|             7.857644|           0.014353|         8.583307
53   |*i_0_0_49            |            0.166039|             2.949515|           0.014353|         3.129907
54   |*i_0_0_50            |            0.178533|             4.233949|           0.014353|         4.426834
55   |*i_0_0_51            |            0.157280|             1.238900|           0.014353|         1.410534
56   |                     |                    |                     |                   |                 
57   |*TOTAL               |           32.790237|           117.153023|           1.487525|       151.430786
-----+---------------------+--------------------+---------------------+-------------------+-----------------
