warning: No library characterized for (process = 1.00 voltage = 0.85 temperature = 25.00) can be found in the database for power domain '/PD_TOP'  [NL-174]
Report Power (instances with prefix '*' are included in total) : 
-----+---------------------+--------------------+---------------------+-------------------+-----------------
     | Instance            | Internal Power(uw) | Switching Power(uw) | Leakage Power(uw) | Total Power(uw) 
-----+---------------------+--------------------+---------------------+-------------------+-----------------
1    |*current_state_reg[2]|            1.828053|             9.569715|           0.079112|        11.476880
2    |*current_state_reg[1]|            2.328778|             9.128568|           0.079112|        11.536458
3    |*current_state_reg[0]|            2.175837|            12.875189|           0.079112|        15.130138
4    |*i_0_0_0             |            0.233967|             1.478075|           0.021200|         1.733241
5    |*i_0_0_1             |            0.099465|             0.653424|           0.021200|         0.774089
6    |*i_0_0_2             |            0.043553|             0.296651|           0.021200|         0.361404
7    |*i_0_0_3             |            0.539101|             0.317906|           0.022619|         0.879627
8    |*i_0_0_4             |            0.229828|             0.443399|           0.021200|         0.694426
9    |*i_0_0_5             |            0.192332|             0.311262|           0.026832|         0.530426
10   |*i_0_0_6             |            0.892144|             0.946244|           0.032612|         1.871001
11   |*i_0_0_7             |            0.146239|             0.210235|           0.027858|         0.384333
12   |*i_0_0_8             |            0.958063|             0.913742|           0.041741|         1.913546
13   |*i_0_0_9             |            0.449995|             0.524092|           0.026832|         1.000919
14   |*i_0_0_10            |            0.829417|             0.933207|           0.032612|         1.795236
15   |*i_0_0_11            |            0.828392|             0.966713|           0.022039|         1.817144
16   |*i_0_0_12            |            0.551756|             0.574543|           0.022619|         1.148919
17   |*i_0_0_13            |            0.650016|             0.860327|           0.022039|         1.532382
18   |*i_0_0_14            |            0.035507|             0.057418|           0.018105|         0.111030
19   |*i_0_0_15            |            0.134908|             0.814569|           0.021200|         0.970677
20   |*i_0_0_16            |            0.810340|             0.314283|           0.026733|         1.151356
21   |*i_0_0_17            |            0.147546|             0.130405|           0.027858|         0.305809
22   |*i_0_0_18            |            0.229490|             0.627121|           0.018105|         0.874716
23   |*i_0_0_19            |            0.132837|             0.127396|           0.034566|         0.294799
24   |*i_0_0_20            |            0.207631|             0.177644|           0.034566|         0.419841
25   |*i_0_0_21            |            0.554632|             0.613802|           0.022619|         1.191054
26   |*i_0_0_22            |            0.163651|             1.276475|           0.017393|         1.457519
27   |*i_0_0_23            |            0.321892|             0.294489|           0.026832|         0.643212
28   |*i_0_0_24            |            0.551868|             0.911625|           0.032612|         1.496105
29   |*i_0_0_25            |            0.557325|             0.753959|           0.034026|         1.345311
30   |*i_0_0_26            |            0.351919|             1.097106|           0.027858|         1.476883
31   |*i_0_0_27            |            0.172243|             1.265954|           0.026832|         1.465028
32   |*i_0_0_28            |            0.426087|             3.625743|           0.021200|         4.073030
33   |*i_0_0_29            |            0.569678|             0.268313|           0.033938|         0.871928
34   |*i_0_0_30            |            0.413690|             0.407424|           0.032612|         0.853726
35   |*i_0_0_31            |            0.236099|             0.993571|           0.021200|         1.250870
36   |*i_0_0_32            |            0.258173|             0.261205|           0.022039|         0.541418
37   |*i_0_0_33            |            0.431292|             2.771797|           0.021200|         3.224289
38   |*i_0_0_34            |            0.490564|             0.533425|           0.027858|         1.051848
39   |*i_0_0_35            |            0.289181|             0.404484|           0.026832|         0.720496
40   |*i_0_0_36            |            0.419449|             2.906705|           0.017393|         3.343547
41   |*i_0_0_37            |            0.916692|             2.807248|           0.027858|         3.751798
42   |*i_0_0_38            |            0.741347|             2.389718|           0.021200|         3.152264
43   |*i_0_0_39            |            1.032583|             5.072549|           0.027858|         6.132990
44   |*i_0_0_40            |            1.187018|             1.103167|           0.025066|         2.315252
45   |*i_0_0_41            |            0.704582|             0.628889|           0.024415|         1.357886
46   |*i_0_0_42            |            0.973414|             2.445392|           0.017393|         3.436199
47   |*i_0_0_43            |            0.970121|             2.963690|           0.027858|         3.961669
48   |*i_0_0_44            |            0.278963|             0.515640|           0.017393|         0.811996
49   |*i_0_0_45            |            0.482539|             1.215150|           0.026832|         1.724521
50   |*i_0_0_46            |            0.522750|             1.258092|           0.018105|         1.798947
51   |*i_0_0_47            |            0.677729|             1.948676|           0.022619|         2.649024
52   |*i_0_0_48            |            0.304307|             2.292065|           0.017393|         2.613765
53   |*i_0_0_49            |            0.519167|             1.829306|           0.017393|         2.365866
54   |*i_0_0_50            |            0.242038|             1.452697|           0.014353|         1.709088
55   |*i_0_0_51            |            0.258301|             6.197875|           0.014353|         6.470530
56   |*i_0_0_52            |            0.202973|             3.052386|           0.014353|         3.269712
57   |*i_0_0_53            |            0.751873|             6.764632|           0.014353|         7.530858
58   |*i_0_0_54            |            0.883905|             3.700705|           0.014353|         4.598963
59   |*i_0_0_55            |            0.848030|             4.320027|           0.014353|         5.182410
60   |*i_0_0_56            |            1.035796|             1.370355|           0.014353|         2.420503
61   |*i_0_0_57            |            0.498139|             2.815366|           0.014353|         3.327859
62   |                     |                    |                     |                   |                 
63   |*TOTAL               |           34.915207|           117.781815|           1.599724|       154.296753
-----+---------------------+--------------------+---------------------+-------------------+-----------------
