Report End Points: 
-----+-------+------+-------+------+-----+-----+-----+--------------+--------------
     |Group  |Launch|Capture|Shift |Delay|Depth|Slack|Begin Point   |End Point     
-----+-------+------+-------+------+-----+-----+-----+--------------+--------------
1    |default|sysclk|sysclk |1500.0|366.2|    8|951.2|state_reg[0]/Q|state_reg[0]/D
2    |default|sysclk|sysclk |1500.0|341.7|    9|978.3|state_reg[1]/Q|state_reg[1]/D
3    |default|sysclk|sysclk |1500.0|339.0|    7|979.5|state_reg[1]/Q|state_reg[2]/D
-----+-------+------+-------+------+-----+-----+-----+--------------+--------------
Report End Points: 
-----+-----+--------------+-------+------+-----+-----+-----+-----------+--------------
     |Group|Launch        |Capture|Shift |Delay|Depth|Slack|Begin Point|End Point     
-----+-----+--------------+-------+------+-----+-----+-----+-----------+--------------
1    |I2R  |rtDefaultClock|sysclk |1500.0|253.7|    8|505.6|ST[3]      |state_reg[1]/D
2    |I2R  |rtDefaultClock|sysclk |1500.0|239.7|    5|527.1|ST[3]      |state_reg[0]/D
3    |I2R  |rtDefaultClock|sysclk |1500.0|221.8|    6|545.0|ST[2]      |state_reg[2]/D
-----+-----+--------------+-------+------+-----+-----+-----+-----------+--------------
Report End Points: 
-----+-----+------+-------+-----+-----+-----+-----+-----------+---------
     |Group|Launch|Capture|Shift|Delay|Depth|Slack|Begin Point|End Point
-----+-----+------+-------+-----+-----+-----+-----+-----------+---------
1    |I2O  |      |       |     |     |     |     |           |         
-----+-----+------+-------+-----+-----+-----+-----+-----------+---------
Report End Points: 
-----+-----+------+-------+-----+-----+-----+--------+--------------+----------
     |Group|Launch|Capture|Shift|Delay|Depth|Slack   |Begin Point   |End Point 
-----+-----+------+-------+-----+-----+-----+--------+--------------+----------
1    |R2O  |sysclk|vsysclk|500.0| 52.1|    3|-17707.3|state_reg[2]/Q|display[0]
2    |R2O  |sysclk|vsysclk|500.0| 51.8|    2|-17707.0|state_reg[2]/Q|heater    
3    |R2O  |sysclk|vsysclk|500.0| 51.3|    3|-17706.5|state_reg[2]/Q|fdoor     
-----+-----+------+-------+-----+-----+-----+--------+--------------+----------
