warning: No library characterized for (process = 1.00 voltage = 0.85 temperature = 25.00) can be found in the database for power domain '/PD_TOP'  [NL-174]
Report Power (instances with prefix '*' are included in total) : 
-----+----------------------+--------------------+---------------------+-------------------+-----------------
     | Instance             | Internal Power(uw) | Switching Power(uw) | Leakage Power(uw) | Total Power(uw) 
-----+----------------------+--------------------+---------------------+-------------------+-----------------
1    |*state_reg[1]         |            4.474436|             9.554529|           0.125988|        14.154953
2    |*state_reg[0]         |            4.471056|            10.153452|           0.125988|        14.750496
3    |*i_0_0_0              |            2.437487|             2.775315|           0.014353|         5.227155
4    |*i_0_0_1              |            1.698076|             4.919592|           0.017393|         6.635061
5    |*i_0_0_2              |            1.295925|             0.661673|           0.017393|         1.974991
6    |*i_0_1_0              |            2.452272|             2.224147|           0.025066|         4.701485
7    |*i_0_2_0              |            1.295826|             0.732271|           0.017393|         2.045491
8    |*i_0_2_1              |            0.789997|             1.297419|           0.021200|         2.108615
9    |*i_0_3_0              |            1.295826|             0.732271|           0.017393|         2.045491
10   |*i_0_3_1              |            0.789994|             1.297250|           0.021200|         2.108444
11   |*i_0_4_0              |            1.137517|             1.296454|           0.014353|         2.448324
12   |*i_0_4_1              |            0.754085|             2.295810|           0.017393|         3.067287
13   |*i_0_4_2              |            1.313128|             0.685272|           0.021200|         2.019599
14   |*i_0_5_0              |            1.178857|             1.298328|           0.014353|         2.491539
15   |*i_0_5_1              |            1.111226|             2.302176|           0.018105|         3.431507
16   |*i_0_5_2              |            2.381754|             1.018504|           0.014353|         3.414612
17   |*i_0_5_3              |            2.380850|             0.991171|           0.014353|         3.386374
18   |*i_0_6_0              |            1.137549|             1.298328|           0.014353|         2.450230
19   |*i_0_6_1              |            0.754085|             2.295810|           0.017393|         3.067287
20   |*i_0_6_2              |            1.313128|             0.685272|           0.021200|         2.019599
21   |*i_0_7_0              |            0.708035|             0.384151|           0.022039|         1.114226
22   |*i_0_7_1              |            0.355054|             0.830155|           0.014353|         1.199562
23   |*i_0_7_2              |            0.556697|             4.607504|           0.027858|         5.192060
24   |*i_0_7_3              |            0.767512|             0.917652|           0.032612|         1.717776
25   |*i_0_7_4              |            1.001194|             1.352344|           0.022619|         2.376158
26   |*i_0_7_5              |            0.814470|             2.695816|           0.021200|         3.531486
27   |*i_0_7_6              |            0.561069|             1.369370|           0.014353|         1.944792
28   |*i_0_7_7              |            0.965122|             7.599648|           0.022619|         8.587389
29   |*i_0_7_8              |            0.996516|             1.366544|           0.022619|         2.385680
30   |*i_0_7_9              |            0.113105|             0.190046|           0.022619|         0.325770
31   |*i_0_7_10             |            0.737344|             0.958618|           0.034566|         1.730528
32   |*i_0_7_11             |            0.611927|             2.147190|           0.021200|         2.780317
33   |*i_0_7_12             |            0.713736|             0.382881|           0.022039|         1.118656
34   |*i_0_7_13             |            0.258721|             0.647747|           0.014353|         0.920821
35   |*i_0_7_14             |            0.420308|             3.509364|           0.022619|         3.952291
36   |*i_0_7_15             |            0.321452|             0.430331|           0.022039|         0.773822
37   |*i_0_7_16             |            0.623971|             1.764657|           0.022619|         2.411247
38   |*i_0_7_17             |            0.360288|             0.571219|           0.018105|         0.949612
39   |*i_0_7_18             |            0.871885|             1.338571|           0.021200|         2.231655
40   |*i_0_7_19             |            0.668341|             0.946890|           0.022619|         1.637850
41   |*i_0_7_20             |            0.902294|             1.382604|           0.021200|         2.306097
42   |*i_0_7_21             |            0.583120|             0.855999|           0.026832|         1.465951
43   |*i_0_7_22             |            1.022618|             1.350141|           0.027858|         2.400617
44   |*i_0_7_23             |            0.363311|             0.331862|           0.014353|         0.709526
45   |*i_0_7_24             |            0.600814|             4.692944|           0.022619|         5.316377
46   |*i_0_7_25             |            0.462928|             1.839942|           0.021200|         2.324069
47   |*i_0_7_26             |            0.808956|             0.924821|           0.033938|         1.767715
48   |*i_0_7_27             |            0.571047|             1.522451|           0.027858|         2.121357
49   |*i_0_7_28             |            0.303147|             1.075000|           0.017393|         1.395541
50   |*i_0_7_29             |            0.408345|             0.449189|           0.027858|         0.885392
51   |*i_0_7_30             |            0.425217|             0.548536|           0.022619|         0.996373
52   |*i_0_7_31             |            0.268195|             1.253146|           0.018105|         1.539446
53   |*i_0_7_32             |            0.267457|             0.831991|           0.018105|         1.117553
54   |*i_0_7_33             |            0.138009|             0.413217|           0.014353|         0.565579
55   |*i_0_7_34             |            0.277885|             3.145057|           0.026832|         3.449774
56   |*i_0_7_35             |            0.647053|             5.309201|           0.021200|         5.977453
57   |*i_0_7_36             |            0.266883|             0.785801|           0.014353|         1.067037
58   |*i_0_7_37             |            0.749901|             5.572843|           0.033938|         6.356681
59   |*i_0_7_38             |            0.423508|             1.268044|           0.014353|         1.705905
60   |*i_0_7_39             |            0.623744|             8.802045|           0.021200|         9.446989
61   |*i_0_7_40             |            0.452685|             2.721914|           0.014353|         3.188953
62   |*i_0_7_41             |            0.928045|            11.595984|           0.027858|        12.551887
63   |*i_0_7_42             |            0.633759|             1.447907|           0.021200|         2.102865
64   |*i_0_7_43             |            0.501857|             0.640071|           0.026832|         1.168759
65   |*i_0_7_44             |            0.469576|             4.213556|           0.014353|         4.697485
66   |*i_0_7_45             |            1.117028|            12.063066|           0.022619|        13.202713
67   |*i_0_7_46             |            0.704587|             0.630440|           0.024415|         1.359441
68   |*i_0_7_47             |            0.727183|             0.626554|           0.026481|         1.380219
69   |*i_0_7_48             |            0.926818|             2.959892|           0.014353|         3.901063
70   |*i_0_7_49             |            0.805799|             5.311538|           0.014353|         6.131690
71   |*i_0_7_50             |            0.932879|             2.855252|           0.014353|         3.802484
72   |*i_0_7_51             |            0.316668|             3.582030|           0.014353|         3.913051
73   |*i_0_7_52             |            0.316991|             1.631016|           0.014353|         1.962361
74   |*i_0_7_53             |            0.316964|             1.854056|           0.014353|         2.185373
75   |*i_0_7_54             |            1.029130|             1.457717|           0.014353|         2.501200
76   |*rt_shieldBuf__1      |            0.830199|             7.795129|           0.021438|         8.646766
77   |*rt_shieldBuf__1__1__0|            0.826947|             8.930609|           0.021438|         9.778994
78   |*rt_shieldBuf__1__1__1|            0.832755|             6.902837|           0.021438|         7.757030
79   |*state_reg[2]         |            4.461050|            13.726518|           0.125988|        18.313557
80   |                      |                    |                     |                   |                 
81   |*TOTAL                |           74.135147|           215.826645|           1.929729|       291.891510
-----+----------------------+--------------------+---------------------+-------------------+-----------------
