Report for group default
------------------------------------------------------------------------------------------------------------------------------------------------------------
Startpoint: state_reg[1]/Q
    (Clocked by sysclk R)
Endpoint: state_reg[0]/D
    (Clocked by sysclk R)
Path Group: default
Data required time: 1465.3
    (Clock shift: 1500.0, minus Uncertainty: 0.0, plus Latency 0.0, minus Setup time: 34.7)
Data arrival time: 517.2
Slack: 948.1
Logic depth: 9
------------------------------------------------------------------------------------------------------------------------------------------------------------
                                                     Arrival               Arc      Net               Net    Total   fan-                                   
Path                     Module/Cell           Edge     Time    Delay    Delay    Delay     Slew     Load     Load    out     Location Power Domain      (V)
                                                        (ps)     (ps)     (ps)     (ps)     (ps)     (ff)     (ff)    (#)      (um,um)                      
------------------------------------------------------------------------------------------------------------------------------------------------------------
clk                      {create_clock}           r      0.0      0.0      0.0                        0.0      0.0      3     0,   35                       
state_reg[1]/CK->Q       DFFR_X2#*               rr    163.0    163.0    163.0      0.0      0.0      5.2     47.4      9    36,   36  /PD_TOP        (1.10)
rt_shieldBuf__1__1__0/A->Z
                         BUF_X1#*                rr    258.7     95.7     95.6      0.1     15.3      3.6     44.3      5    36,   36  /PD_TOP        (1.10)
i_0_7_52/A->ZN           INV_X8                  rf    266.9      8.2      8.1      0.1     15.3      1.5      8.1      2    36,   36  /PD_TOP        (1.10)
i_0_7_37/B1->ZN          OAI221_X4               fr    366.6     99.7     99.7      0.0      3.9      2.4     34.2      3    36,   36  /PD_TOP        (1.10)
i_0_7_36/A->ZN           INV_X8                  rf    373.8      7.2      7.2      0.0     22.7      0.6      4.8      1    36,   36  /PD_TOP        (1.10)
i_0_7_25/A1->ZN          NOR2_X4                 fr    401.2     27.4     27.4      0.0      3.5      1.5      9.2      2    36,   36  /PD_TOP        (1.10)
i_0_7_3/B1->ZN           AOI22_X4                rf    424.8     23.6     23.6      0.0     21.1      0.8      4.7      1    36,   36  /PD_TOP        (1.10)
i_0_7_2/A->ZN            AOI21_X4                fr    493.4     68.6     68.6      0.0     12.5      0.6     26.1      1    36,   36  /PD_TOP        (1.10)
i_0_7_1/A->ZN            INV_X8                  rf    500.1      6.7      6.7      0.0     47.2      0.7      4.7      1    36,   36  /PD_TOP        (1.10)
i_0_7_0/A->ZN            OAI211_X2               fr    517.2     17.1     17.1      0.0      3.5      0.8      2.0      1    36,   36  /PD_TOP        (1.10)
state_reg[0]/D           DFFR_X2#                 r    517.2      0.0               0.0     17.9                             36,   36  /PD_TOP        (1.10)
------------------------------------------------------------------------------------------------------------------------------------------------------------
Report for group I2R
------------------------------------------------------------------------------------------------------------------------------------------------------------
Startpoint: ST[3]
    (Clocked by rtDefaultClock R)
Endpoint: state_reg[0]/D
    (Clocked by sysclk R)
Path Group: I2R
Data required time: 1456.8
    (Clock shift: 1500.0, minus Uncertainty: 0.0, plus Latency 0.0, minus Setup time: 43.2)
Data arrival time: 1015.7
Slack: 441.1
Logic depth: 7
------------------------------------------------------------------------------------------------------------------------------------------------------------
                                                     Arrival               Arc      Net               Net    Total   fan-                                   
Path                     Module/Cell           Edge     Time    Delay    Delay    Delay     Slew     Load     Load    out     Location Power Domain      (V)
                                                        (ps)     (ps)     (ps)     (ps)     (ps)     (ff)     (ff)    (#)      (um,um)                      
------------------------------------------------------------------------------------------------------------------------------------------------------------
ST[3]                    {set_input_delay}        f    700.0    700.0    700.0                        5.3     11.4      2    35,    0                       
i_0_7_46/A2->ZN          OR3_X4                  ff    801.5    101.5    101.1      0.4    100.0      0.7      4.8      1    36,   36  /PD_TOP        (1.10)
i_0_7_45/B2->ZN          OAI21_X4*               fr    871.5     70.0     70.0      0.0     12.0      2.9     40.4      4    36,   36  /PD_TOP        (1.10)
i_0_7_44/A->ZN           INV_X8                  rf    881.5     10.0      9.9      0.1     15.3      2.1     14.1      3    36,   36  /PD_TOP        (1.10)
i_0_7_39/A1->ZN          NOR2_X4*                fr    935.8     54.3     54.3      0.0      4.6      2.2     32.5      3    36,   36  /PD_TOP        (1.10)
i_0_7_10/C2->ZN          AOI211_X2               rf    955.7     19.9     19.9      0.0     15.3      0.8      4.8      1    36,   36  /PD_TOP        (1.10)
i_0_7_9/B2->ZN           OAI21_X4                fr    988.5     32.8     32.8      0.0     10.1      0.8      4.9      1    36,   36  /PD_TOP        (1.10)
i_0_7_0/B->ZN            OAI211_X2               rf   1015.7     27.2     27.2      0.0     19.1      0.8      2.0      1    36,   36  /PD_TOP        (1.10)
state_reg[0]/D           DFFR_X2#                 f   1015.7      0.0               0.0     12.6                             36,   36  /PD_TOP        (1.10)
------------------------------------------------------------------------------------------------------------------------------------------------------------
Report for group I2O
Report for group R2O
------------------------------------------------------------------------------------------------------------------------------------------------------------
Startpoint: state_reg[2]/Q
    (Clocked by sysclk R)
Endpoint: display[0]
    (Clocked by vsysclk R)
Path Group: R2O
Data required time: -17500.0
    (Clock shift: 500.0, minus Uncertainty: 0.0, plus Latency 0.0, minus Out delay: 18000.0)
Data arrival time: 222.1
Slack: -17722.1
Logic depth: 3
------------------------------------------------------------------------------------------------------------------------------------------------------------
                                                     Arrival               Arc      Net               Net    Total   fan-                                   
Path                     Module/Cell           Edge     Time    Delay    Delay    Delay     Slew     Load     Load    out     Location Power Domain      (V)
                                                        (ps)     (ps)     (ps)     (ps)     (ps)     (ff)     (ff)    (#)      (um,um)                      
------------------------------------------------------------------------------------------------------------------------------------------------------------
clk                      {create_clock}           r      0.0      0.0      0.0                        0.0      0.0      3     0,   35                       
state_reg[2]/CK->Q       DFFR_X2#*               rr    170.0    170.0    170.0      0.0      0.0      5.0     68.1      9    36,   36  /PD_TOP        (1.10)
i_0_0_2/A1->ZN           NAND2_X4                rf    184.3     14.3     14.2      0.1     15.3      0.6      4.4      1    36,   36  /PD_TOP        (1.10)
i_0_0_1/A1->ZN           NAND2_X4                fr    210.9     26.6     26.6      0.0      7.0      0.6     26.0      1    36,   36  /PD_TOP        (1.10)
i_0_0_0/A->ZN            INV_X8                  rf    221.7     10.8     10.8      0.0     21.5      4.7     14.7      1    36,   36  /PD_TOP        (1.10)
display[0]                                        f    222.1      0.4               0.4      4.6                             35,    0                       
------------------------------------------------------------------------------------------------------------------------------------------------------------
