warning: No library characterized for (process = 1.00 voltage = 0.85 temperature = 25.00) can be found in the database for power domain '/PD_TOP'  [NL-174]
Report Power (instances with prefix '*' are included in total) : 
-----+-------------+--------------------+---------------------+-------------------+-----------------
     | Instance    | Internal Power(uw) | Switching Power(uw) | Leakage Power(uw) | Total Power(uw) 
-----+-------------+--------------------+---------------------+-------------------+-----------------
1    |*state_reg[2]|            1.708809|             8.733998|           0.079112|        10.521919
2    |*state_reg[1]|            2.324813|            12.084697|           0.079112|        14.488622
3    |*state_reg[0]|            2.293366|             8.242719|           0.079112|        10.615197
4    |*i_0_0_0     |            0.483587|             2.450450|           0.026832|         2.960869
5    |*i_0_0_1     |            0.258801|             1.670084|           0.021200|         1.950084
6    |*i_0_0_2     |            0.110325|             0.726068|           0.021200|         0.857593
7    |*i_0_0_3     |            0.151729|             0.723086|           0.026832|         0.901646
8    |*i_0_0_4     |            0.400599|             2.314033|           0.021200|         2.735831
9    |*i_0_0_5     |            0.390396|             0.312435|           0.021200|         0.724031
10   |*i_0_0_6     |            0.474908|             0.907613|           0.021200|         1.403720
11   |*i_0_0_7     |            0.655946|             0.939291|           0.034566|         1.629802
12   |*i_0_0_8     |            0.733026|             0.634882|           0.022619|         1.390527
13   |*i_0_0_9     |            0.384162|             0.410605|           0.025066|         0.819833
14   |*i_0_0_10    |            0.508056|             0.622872|           0.022619|         1.153548
15   |*i_0_0_11    |            0.754064|             0.945076|           0.033938|         1.733078
16   |*i_0_0_12    |            0.635573|             0.594976|           0.027858|         1.258408
17   |*i_0_0_13    |            0.340043|             0.346116|           0.022619|         0.708778
18   |*i_0_0_14    |            0.645378|             0.819930|           0.027858|         1.493166
19   |*i_0_0_15    |            0.214135|             1.348476|           0.026832|         1.589442
20   |*i_0_0_16    |            0.507011|             0.448973|           0.022619|         0.978604
21   |*i_0_0_17    |            0.657390|             0.879865|           0.022619|         1.559874
22   |*i_0_0_18    |            0.454618|             1.614653|           0.021200|         2.090471
23   |*i_0_0_19    |            0.594893|             3.189688|           0.021200|         3.805780
24   |*i_0_0_20    |            0.429010|             0.322719|           0.021200|         0.772928
25   |*i_0_0_21    |            0.643791|             0.888716|           0.034566|         1.567073
26   |*i_0_0_22    |            0.587322|             0.565313|           0.022619|         1.175255
27   |*i_0_0_23    |            0.388584|             0.938241|           0.014353|         1.341178
28   |*i_0_0_24    |            0.644732|             5.260240|           0.022619|         5.927591
29   |*i_0_0_25    |            0.335479|             2.737408|           0.017393|         3.090280
30   |*i_0_0_26    |            0.580773|             0.668919|           0.026832|         1.276523
31   |*i_0_0_27    |            0.306278|             0.609789|           0.021200|         0.937267
32   |*i_0_0_28    |            0.649676|             0.925886|           0.027858|         1.603420
33   |*i_0_0_29    |            0.717945|             0.982068|           0.027858|         1.727871
34   |*i_0_0_30    |            0.439291|             0.414024|           0.026832|         0.880147
35   |*i_0_0_31    |            0.507982|             0.905310|           0.021200|         1.434492
36   |*i_0_0_32    |            0.715949|             0.973059|           0.027858|         1.716867
37   |*i_0_0_33    |            0.095509|             0.981043|           0.021200|         1.097752
38   |*i_0_0_34    |            0.344328|             0.194573|           0.034566|         0.573466
39   |*i_0_0_35    |            0.787853|             0.629485|           0.041741|         1.459079
40   |*i_0_0_36    |            0.404570|             1.356083|           0.027858|         1.788511
41   |*i_0_0_37    |            0.574361|             0.539718|           0.022619|         1.136698
42   |*i_0_0_38    |            0.706580|             2.886661|           0.021200|         3.614440
43   |*i_0_0_39    |            0.191311|             0.201937|           0.034566|         0.427813
44   |*i_0_0_40    |            0.219352|             0.742116|           0.017393|         0.978861
45   |*i_0_0_41    |            0.223130|             0.748571|           0.017393|         0.989095
46   |*i_0_0_42    |            0.639348|             1.749243|           0.021200|         2.409790
47   |*i_0_0_43    |            0.972566|             4.297576|           0.027858|         5.298000
48   |*i_0_0_44    |            0.502233|             0.629489|           0.026832|         1.158554
49   |*i_0_0_45    |            0.549525|             0.651865|           0.018105|         1.219496
50   |*i_0_0_46    |            1.037060|             4.077948|           0.027858|         5.142866
51   |*i_0_0_47    |            1.187018|             1.103167|           0.025066|         2.315252
52   |*i_0_0_48    |            0.704582|             0.628889|           0.024415|         1.357886
53   |*i_0_0_49    |            1.029130|             1.457717|           0.014353|         2.501200
54   |*i_0_0_50    |            1.072783|             0.988149|           0.014353|         2.075285
55   |*i_0_0_51    |            0.254385|             6.093244|           0.014353|         6.361981
56   |*i_0_0_52    |            0.258541|             2.311533|           0.014353|         2.584427
57   |*i_0_0_53    |            0.189619|             3.273226|           0.014353|         3.477198
58   |*i_0_0_54    |            0.960370|             2.380661|           0.014353|         3.355385
59   |             |                    |                     |                   |                 
60   |*TOTAL       |           35.532597|           105.075157|           1.536988|       142.144745
-----+-------------+--------------------+---------------------+-------------------+-----------------
