warning: No library characterized for (process = 1.00 voltage = 0.85 temperature = 25.00) can be found in the database for power domain '/PD_TOP'  [NL-174]
Report Power (instances with prefix '*' are included in total) : 
-----+---------------------+--------------------+---------------------+-------------------+-----------------
     | Instance            | Internal Power(uw) | Switching Power(uw) | Leakage Power(uw) | Total Power(uw) 
-----+---------------------+--------------------+---------------------+-------------------+-----------------
1    |*i_3                 |            0.000000|             1.242642|           0.032749|         1.275391
2    |*i_5                 |            0.000000|             1.247230|           0.032749|         1.279979
3    |*i_7                 |            0.000000|             1.098818|           0.032749|         1.131567
4    |*current_state_reg[2]|            1.156160|             2.716145|           0.079112|         3.951417
5    |*current_state_reg[1]|            1.156497|             4.445971|           0.079112|         5.681580
6    |*current_state_reg[0]|            1.156482|             4.369871|           0.079112|         5.605465
7    |*i_0_0_0             |            0.114093|             0.732342|           0.021200|         0.867634
8    |*i_0_0_1             |            0.114241|             0.732857|           0.021200|         0.868298
9    |*i_0_0_2             |            0.149441|             0.730543|           0.026832|         0.906815
10   |*i_0_0_3             |            0.149561|             0.731057|           0.026832|         0.907449
11   |*i_0_0_4             |            0.267750|             1.280690|           0.027858|         1.576298
12   |*i_0_0_5             |            0.267934|             1.284757|           0.027858|         1.580549
13   |*i_0_0_6             |            0.267348|             1.283852|           0.027858|         1.579059
14   |*i_0_0_7             |            0.641782|             0.446356|           0.026832|         1.114969
15   |*i_0_0_8             |            0.407196|             0.545559|           0.026832|         0.979587
16   |*i_0_0_9             |            0.784283|             0.953333|           0.018105|         1.755721
17   |*i_0_0_10            |            0.690060|             0.945874|           0.027858|         1.663792
18   |*i_0_0_11            |            1.068226|             0.958977|           0.041741|         2.068944
19   |*i_0_0_12            |            1.250550|             0.735458|           0.041741|         2.027749
20   |*i_0_0_13            |            0.290251|             0.317919|           0.034566|         0.642735
21   |*i_0_0_14            |            0.446581|             0.896164|           0.014353|         1.357099
22   |*i_0_0_15            |            0.915915|             8.340019|           0.022619|         9.278553
23   |*i_0_0_16            |            0.714932|             1.133560|           0.017393|         1.865886
24   |*i_0_0_17            |            0.476280|             0.462835|           0.026832|         0.965946
25   |*i_0_0_18            |            0.810389|             2.164936|           0.021200|         2.996524
26   |*i_0_0_19            |            0.736114|             1.161901|           0.021200|         1.919214
27   |*i_0_0_20            |            0.620328|             0.393808|           0.027858|         1.041994
28   |*i_0_0_21            |            0.706460|             1.011909|           0.027858|         1.746228
29   |*i_0_0_22            |            0.107939|             0.239969|           0.032601|         0.380509
30   |*i_0_0_23            |            0.313937|             0.419865|           0.022039|         0.755841
31   |*i_0_0_24            |            0.577660|             0.559010|           0.021200|         1.157870
32   |*i_0_0_25            |            0.313405|             0.440613|           0.021200|         0.775217
33   |*i_0_0_26            |            0.979415|             4.258483|           0.027858|         5.265757
34   |*i_0_0_27            |            0.551711|             0.970320|           0.027858|         1.549889
35   |*i_0_0_28            |            0.635592|             1.203040|           0.017393|         1.856025
36   |*i_0_0_29            |            1.337698|             1.148796|           0.041741|         2.528236
37   |*i_0_0_30            |            0.323621|             1.360734|           0.017393|         1.701748
38   |*i_0_0_31            |            0.374597|             0.298910|           0.021200|         0.694706
39   |*i_0_0_32            |            0.822811|             1.143606|           0.032612|         1.999030
40   |*i_0_0_33            |            0.337369|             1.051747|           0.014353|         1.403469
41   |*i_0_0_34            |            1.207016|             5.570263|           0.041741|         6.819021
42   |*i_0_0_35            |            0.309157|             0.691912|           0.027858|         1.028927
43   |*i_0_0_36            |            0.113716|             0.731828|           0.021200|         0.866744
44   |*i_0_0_37            |            0.159640|             2.288199|           0.017393|         2.465232
45   |*i_0_0_38            |            0.886771|             0.777419|           0.017393|         1.681583
46   |*i_0_0_39            |            0.161308|             1.440628|           0.017393|         1.619330
47   |*i_0_0_40            |            0.158005|             1.898416|           0.026832|         2.083252
48   |*i_0_0_41            |            0.800200|             1.656460|           0.022695|         2.479356
49   |*i_0_0_42            |            0.610226|             1.623229|           0.017393|         2.250848
50   |*i_0_0_43            |            0.906000|             5.385108|           0.017393|         6.308501
51   |*i_0_0_44            |            0.272646|             0.515640|           0.017393|         0.805679
52   |*i_0_0_45            |            0.503714|             0.588410|           0.026832|         1.118956
53   |*i_0_0_46            |            0.551846|             0.608840|           0.018105|         1.178791
54   |*i_0_0_47            |            0.450275|             1.253523|           0.014353|         1.718151
55   |*i_0_0_48            |            1.015636|             8.836894|           0.027858|         9.880388
56   |*i_0_0_49            |            1.187018|             1.103167|           0.025066|         2.315252
57   |*i_0_0_50            |            0.704582|             0.628889|           0.024415|         1.357886
58   |*i_0_0_51            |            0.501538|             0.649020|           0.026832|         1.177390
59   |*i_0_0_52            |            0.724399|             2.501725|           0.021200|         3.247324
60   |*i_0_0_53            |            0.118729|             1.418876|           0.014353|         1.551958
61   |*i_0_0_54            |            0.118816|             1.060187|           0.014353|         1.193356
62   |*i_0_0_55            |            0.118486|             2.359394|           0.014353|         2.492233
63   |                     |                    |                     |                   |                 
64   |*TOTAL               |           33.614330|            99.048492|           1.682065|       134.344894
-----+---------------------+--------------------+---------------------+-------------------+-----------------
