Report Physical info: 
------------------------+-------------+-----------+------------
                        |             |Area (squm)|Leakage (uW)
------------------------+-------------+-----------+------------
Design Name             |Mealy        |           |            
  Total Instances       |          213|        186|       4.284
    Macros              |            0|          0|       0.000
    Pads                |            0|          0|       0.000
    Phys                |            0|          0|       0.000
    Blackboxes          |            0|          0|       0.000
    Cells               |          213|        186|       4.284
      Buffers           |            5|          4|       0.107
      Inverters         |           79|         42|       1.134
      Clock-Gates       |            0|          0|       0.000
      Combinational     |          126|        123|       2.665
      Latches           |            0|          0|       0.000
      FlipFlops         |            3|         18|       0.378
       Single-Bit FF    |            3|         18|       0.378
       Multi-Bit FF     |            0|          0|       0.000
       Clock-Gated      |            0|           |            
       Bits             |            3|         18|       0.378
         Load-Enabled   |            0|           |            
         Clock-Gated    |            0|           |            
  Tristate Pin Count    |            0|           |            
Physical Info           |Placed       |           |            
  Chip Size (mm x mm)   |0.078 x 0.078|       6024|            
  Fixed Cell Area       |             |          0|            
    Phys Only           |            0|          0|            
  Placeable Area        |             |        294|            
  Movable Cell Area     |             |        186|            
  Utilization (%)       |           63|           |            
  Chip Utilization (%)  |           63|           |            
  Total Wire Length (mm)|        0.860|           |            
  Longest Wire (mm)     |        0.040|           |            
  Average Wire (mm)     |        0.039|           |            
------------------------+-------------+-----------+------------
