Report End Points: 
-----+-------+------+-------+------+-----+-----+------+--------------+--------------
     |Group  |Launch|Capture|Shift |Delay|Depth|Slack |Begin Point   |End Point     
-----+-------+------+-------+------+-----+-----+------+--------------+--------------
1    |default|sysclk|sysclk |1500.0|144.5|    7|1113.4|state_reg[0]/Q|state_reg[1]/D
2    |default|sysclk|sysclk |1500.0|144.2|    7|1117.0|state_reg[0]/Q|state_reg[0]/D
3    |default|sysclk|sysclk |1500.0|140.5|    5|1118.9|state_reg[0]/Q|state_reg[2]/D
-----+-------+------+-------+------+-----+-----+------+--------------+--------------
Report End Points: 
-----+-----+--------------+-------+------+-----+-----+-----+-----------+--------------
     |Group|Launch        |Capture|Shift |Delay|Depth|Slack|Begin Point|End Point     
-----+-----+--------------+-------+------+-----+-----+-----+-----------+--------------
1    |I2R  |rtDefaultClock|sysclk |1500.0|177.3|    6|577.9|ST[4]      |state_reg[1]/D
2    |I2R  |rtDefaultClock|sysclk |1500.0|180.6|    7|581.4|ST[3]      |state_reg[0]/D
3    |I2R  |rtDefaultClock|sysclk |1500.0|173.3|    7|586.9|SFA        |state_reg[2]/D
-----+-----+--------------+-------+------+-----+-----+-----+-----------+--------------
Report End Points: 
-----+-----+--------------+-------+------+-----+-----+--------+-----------+----------
     |Group|Launch        |Capture|Shift |Delay|Depth|Slack   |Begin Point|End Point 
-----+-----+--------------+-------+------+-----+-----+--------+-----------+----------
1    |I2O  |rtDefaultClock|vsysclk|1000.0|181.0|    7|-17881.0|ST[4]      |alarmbuzz 
2    |I2O  |rtDefaultClock|vsysclk|1000.0|181.0|    7|-17881.0|ST[3]      |display[0]
3    |I2O  |rtDefaultClock|vsysclk|1000.0|180.6|    7|-17880.6|ST[4]      |rdoor     
-----+-----+--------------+-------+------+-----+-----+--------+-----------+----------
Report End Points: 
-----+-----+------+-------+-----+-----+-----+--------+--------------+----------
     |Group|Launch|Capture|Shift|Delay|Depth|Slack   |Begin Point   |End Point 
-----+-----+------+-------+-----+-----+-----+--------+--------------+----------
1    |R2O  |sysclk|vsysclk|500.0|145.8|    8|-17843.1|state_reg[0]/Q|display[0]
2    |R2O  |sysclk|vsysclk|500.0|144.9|    7|-17842.2|state_reg[0]/Q|display[1]
3    |R2O  |sysclk|vsysclk|500.0|148.8|    6|-17841.5|state_reg[2]/Q|rdoor     
-----+-----+------+-------+-----+-----+-----+--------+--------------+----------
