warning: No library characterized for (process = 1.00 voltage = 0.85 temperature = 25.00) can be found in the database for power domain '/PD_TOP'  [NL-174]
Report Power (instances with prefix '*' are included in total) : 
-----+-------------+--------------------+---------------------+-------------------+-----------------
     | Instance    | Internal Power(uw) | Switching Power(uw) | Leakage Power(uw) | Total Power(uw) 
-----+-------------+--------------------+---------------------+-------------------+-----------------
1    |*state_reg[0]|            3.053002|            41.753571|           0.115104|        44.921677
2    |*state_reg[2]|            2.263895|            37.050468|           0.115104|        39.429466
3    |*state_reg[1]|            3.458026|            53.705963|           0.115104|        57.279095
4    |*i_0_0_0     |            9.610570|             1.486756|           0.014353|        11.111679
5    |*i_0_0_1     |            9.627129|             1.381805|           0.014353|        11.023287
6    |*i_0_0_2     |            9.604101|             1.527755|           0.014353|        11.146209
7    |*i_0_0_3     |           14.378600|            47.603100|           0.014353|        61.996052
8    |*i_0_0_4     |            2.613898|             7.494691|           0.017393|        10.125982
9    |*i_0_0_5     |            3.534688|             0.919048|           0.018105|         4.471842
10   |*i_0_0_6     |            1.624690|             0.615554|           0.018105|         2.258349
11   |*i_0_0_7     |            9.629982|             1.363718|           0.014353|        11.008053
12   |*i_0_2_0     |            3.419383|             1.415612|           0.014353|         4.849349
13   |*i_0_2_1     |            3.467904|             1.365274|           0.014353|         4.847531
14   |*i_0_2_2     |            9.191136|             4.145138|           0.014353|        13.350627
15   |*i_0_2_3     |            9.392785|             2.867086|           0.014353|        12.274224
16   |*i_0_2_4     |            1.838144|             3.453264|           0.018105|         5.309513
17   |*i_0_2_5     |            1.764891|             1.174622|           0.014353|         2.953866
18   |*i_0_2_6     |            0.629061|             0.332435|           0.017393|         0.978889
19   |*i_0_2_8     |            9.639880|             1.300990|           0.014353|        10.955223
20   |*i_0_2_9     |            1.167156|             0.342166|           0.018127|         1.527449
21   |*i_0_2_7     |            0.982203|             0.414750|           0.022619|         1.419573
22   |*i_0_2_10    |            0.152513|             0.846072|           0.014353|         1.012938
23   |*i_0_2_11    |            0.233066|             1.302830|           0.014353|         1.550250
24   |*i_0_2_13    |            1.730820|             0.608015|           0.018105|         2.356940
25   |*i_0_2_12    |            0.734354|             0.369087|           0.021200|         1.124640
26   |*i_0_2_14    |            0.499768|             0.274384|           0.017393|         0.791545
27   |*i_0_2_19    |            1.001442|             1.836836|           0.018105|         2.856383
28   |*i_0_2_15    |            0.937418|             0.317354|           0.014353|         1.269125
29   |*i_0_2_16    |            0.640619|             0.382005|           0.017393|         1.040017
30   |*i_0_2_17    |            0.919355|             0.882602|           0.036441|         1.838398
31   |*i_0_2_18    |            0.399918|             0.239663|           0.017393|         0.656974
32   |*i_0_2_20    |            1.779717|             3.736432|           0.018105|         5.534254
33   |*i_0_2_21    |            0.346917|             0.131594|           0.018105|         0.496616
34   |*i_0_2_22    |            1.906865|             0.645550|           0.014353|         2.566767
35   |*i_0_2_23    |            1.487699|             2.360354|           0.017393|         3.865447
36   |*i_0_2_24    |            0.205971|             1.240137|           0.014353|         1.460461
37   |*i_0_2_25    |            9.618799|             1.434603|           0.014353|        11.067755
38   |*i_0_2_26    |            1.742155|             0.920912|           0.021200|         2.684267
39   |*i_0_4_0     |            0.119999|             0.321747|           0.014353|         0.456099
40   |*i_0_4_11    |            9.428985|             2.637652|           0.014353|        12.080990
41   |*i_0_4_6     |            3.467904|             1.365274|           0.014353|         4.847531
42   |*i_0_4_8     |            3.420742|             1.454650|           0.014353|         4.889744
43   |*i_0_4_1     |            0.231813|             0.645346|           0.014353|         0.891512
44   |*i_0_4_2     |            0.409941|             1.612585|           0.017393|         2.039920
45   |*i_0_4_3     |            0.680635|             0.875546|           0.036441|         1.592622
46   |*i_0_4_9     |            0.152354|             1.764510|           0.014353|         1.931217
47   |*i_0_4_7     |            0.380163|             0.138617|           0.018105|         0.536884
48   |*i_0_4_18    |            2.582119|             5.903510|           0.017393|         8.503022
49   |*i_0_4_20    |            2.891858|             5.898184|           0.014353|         8.804395
50   |*i_0_4_10    |            0.651771|             1.106460|           0.017393|         1.775625
51   |*i_0_4_4     |            2.690705|             1.098407|           0.017393|         3.806505
52   |*i_0_4_5     |            9.618799|             1.434603|           0.014353|        11.067755
53   |*i_0_4_13    |            1.825604|             0.942160|           0.021200|         2.788963
54   |*i_0_4_14    |            0.873100|             0.446541|           0.021200|         1.340841
55   |*i_0_4_15    |            0.736779|             2.203603|           0.017393|         2.957775
56   |*i_0_4_16    |            1.077459|             0.416221|           0.014353|         1.508033
57   |*i_0_4_12    |            0.170641|             1.923693|           0.017393|         2.111727
58   |*i_0_4_24    |            0.151692|             0.422296|           0.014353|         0.588342
59   |*i_0_4_25    |            9.629982|             1.363718|           0.014353|        11.008053
60   |*i_0_4_17    |            1.757480|             0.907167|           0.017393|         2.682040
61   |*i_0_4_19    |            0.168523|             0.364839|           0.017393|         0.550756
62   |*i_0_4_21    |            1.308646|             0.490285|           0.018105|         1.817036
63   |*i_0_4_22    |            0.133368|             0.170898|           0.017393|         0.321659
64   |*i_0_4_23    |            2.625692|             1.022788|           0.014353|         3.662834
65   |*i_0_4_26    |            1.522982|             0.724037|           0.017393|         2.264412
66   |*i_0_4_27    |            0.446295|             0.558348|           0.032612|         1.037254
67   |*i_0_4_28    |            0.400861|             0.213561|           0.017393|         0.631815
68   |*i_0_5_0     |            3.419383|             1.415612|           0.014353|         4.849349
69   |*i_0_5_1     |            3.467904|             1.365274|           0.014353|         4.847531
70   |*i_0_5_2     |            9.623017|             1.407863|           0.014353|        11.045233
71   |*i_0_5_3     |            2.114468|             0.758269|           0.022619|         2.895356
72   |*i_0_5_4     |            0.152504|             0.916228|           0.014353|         1.083086
73   |*i_0_5_5     |            0.057144|             0.096002|           0.018105|         0.171251
74   |*i_0_5_6     |            1.037470|             0.509982|           0.027858|         1.575310
75   |*i_0_5_13    |            0.205325|             4.029559|           0.014353|         4.249237
76   |*i_0_5_7     |            0.232036|             0.728794|           0.014353|         0.975183
77   |*i_0_5_8     |            0.137087|             0.376625|           0.018105|         0.531817
78   |*i_0_5_9     |            2.116915|             4.727872|           0.017393|         6.862181
79   |*i_0_5_10    |            0.441612|             0.165834|           0.018105|         0.625551
80   |*i_0_5_11    |            0.021159|             0.039243|           0.021200|         0.081601
81   |*i_0_5_12    |            2.310942|             0.848829|           0.014353|         3.174124
82   |*i_0_5_14    |            0.203616|             0.590798|           0.014353|         0.808768
83   |*i_0_5_15    |            0.304890|             0.611683|           0.017393|         0.933967
84   |*i_0_5_16    |            1.656145|             0.754984|           0.027858|         2.438987
85   |*i_0_5_17    |            1.726248|             2.736938|           0.017393|         4.480579
86   |*i_0_5_21    |            0.606913|             0.761380|           0.036441|         1.404734
87   |*i_0_5_18    |            0.232323|             4.501518|           0.014353|         4.748195
88   |*i_0_5_19    |            0.230259|             0.645346|           0.014353|         0.889958
89   |*i_0_5_20    |            0.114560|             0.240690|           0.017393|         0.372643
90   |*i_0_5_22    |            9.618799|             1.434603|           0.014353|        11.067755
91   |*i_0_5_23    |            1.824016|             0.895828|           0.021200|         2.741043
92   |*i_0_5_24    |            1.541476|             0.874256|           0.017393|         2.433125
93   |*i_0_5_25    |            2.664521|             1.002565|           0.017393|         3.684479
94   |*i_0_5_26    |            2.397543|             0.880963|           0.018105|         3.296611
95   |*i_0_6_0     |            0.452059|             0.639991|           0.027858|         1.119908
96   |*i_0_6_1     |            2.027054|             1.088627|           0.017393|         3.133075
97   |*i_0_6_2     |            3.413743|             1.253522|           0.014353|         4.681619
98   |*i_0_6_3     |            1.390759|             0.558690|           0.027858|         1.977307
99   |*i_0_6_4     |            0.103425|             0.282028|           0.014353|         0.399806
100  |*i_0_6_5     |            0.186406|             1.624465|           0.018105|         1.828976
101  |*i_0_6_6     |            1.071437|             0.331219|           0.014353|         1.417009
102  |*i_0_6_7     |            1.127469|             1.854673|           0.018127|         3.000268
103  |*i_0_6_8     |            9.631071|             1.356819|           0.014353|        11.002243
104  |*i_0_6_9     |            9.634724|             1.333670|           0.014353|        10.982747
105  |*i_0_6_10    |            9.639880|             1.300990|           0.014353|        10.955223
106  |*i_0_6_11    |            0.084229|             0.184729|           0.017393|         0.286352
107  |*i_0_6_12    |            0.310372|             0.124872|           0.018105|         0.453348
108  |*i_0_6_13    |            2.516102|             0.998586|           0.014353|         3.529040
109  |*i_0_6_14    |            1.675973|             5.144941|           0.017393|         6.838307
110  |*i_0_6_15    |            0.151733|             0.437436|           0.014353|         0.603522
111  |*i_0_6_16    |            9.415156|             2.725298|           0.014353|        12.154807
112  |*i_0_6_17    |            2.313979|             0.847851|           0.022619|         3.184450
113  |*i_0_6_18    |            0.205970|             1.251882|           0.014353|         1.472205
114  |*i_0_6_19    |            3.119381|             0.920670|           0.022619|         4.062670
115  |*i_0_6_20    |            0.232972|             2.065672|           0.014353|         2.312998
116  |*i_0_7_0     |            0.791535|             0.932768|           0.014353|         1.738656
117  |*i_0_7_1     |            0.521378|             1.596587|           0.017393|         2.135358
118  |*i_0_7_2     |            1.550818|             0.620661|           0.022619|         2.194099
119  |*i_0_7_3     |            0.183974|             0.290315|           0.018105|         0.492393
120  |*i_0_7_4     |            1.679984|             0.744187|           0.022619|         2.446790
121  |*i_0_7_5     |            1.032934|             1.407863|           0.014353|         2.455151
122  |*i_0_7_6     |            9.626554|             1.385444|           0.014353|        11.026351
123  |*i_0_7_7     |            2.787411|             0.956401|           0.032612|         3.776425
124  |*i_0_7_8     |            2.559432|             0.849910|           0.022619|         3.431961
125  |*i_0_7_9     |            0.205968|             1.265442|           0.014353|         1.485763
126  |*i_0_7_10    |            0.233059|             1.365045|           0.014353|         1.612457
127  |*i_0_7_11    |            0.151847|             0.480068|           0.014353|         0.646268
128  |*i_0_7_15    |            9.614800|             1.459939|           0.014353|        11.089092
129  |*i_0_7_12    |            0.061637|             0.177929|           0.014353|         0.253920
130  |*i_0_7_13    |            0.084757|             0.988564|           0.017393|         1.090714
131  |*i_0_7_14    |            2.860272|             0.930551|           0.027858|         3.818681
132  |*i_0_9_0     |            0.959321|             2.398773|           0.014353|         3.372448
133  |*i_0_9_1     |            0.567187|             0.246136|           0.025066|         0.838389
134  |*i_0_9_2     |            0.681923|             0.292694|           0.025066|         0.999683
135  |*i_0_9_3     |            0.281439|             0.123535|           0.025066|         0.430040
136  |*i_0_1_0     |            3.419383|             1.415612|           0.014353|         4.849349
137  |*i_0_1_2     |            1.034922|             1.381805|           0.014353|         2.431080
138  |*i_0_1_1     |            0.430563|             0.631413|           0.018105|         1.080081
139  |*i_0_1_5     |            9.428985|             2.637652|           0.014353|        12.080990
140  |*i_0_1_6     |            1.036302|             1.363718|           0.014353|         2.414373
141  |*i_0_1_7     |            0.515057|             1.081072|           0.017393|         1.613522
142  |*i_0_1_3     |            0.087656|             0.193337|           0.021200|         0.302192
143  |*i_0_1_9     |            0.723111|             0.229496|           0.017393|         0.970001
144  |*i_0_1_18    |            0.231875|             0.668482|           0.014353|         0.914710
145  |*i_0_1_4     |            0.152939|             0.061346|           0.018105|         0.232390
146  |*i_0_1_8     |            0.623507|             1.204455|           0.017393|         1.845355
147  |*i_0_1_22    |            2.547625|             0.882602|           0.036441|         3.466667
148  |*i_0_1_37    |            9.627129|             1.381805|           0.014353|        11.023287
149  |*i_0_1_19    |            0.500238|             0.188408|           0.018105|         0.706751
150  |*i_0_1_40    |            2.708493|             0.835450|           0.018105|         3.562048
151  |*i_0_1_23    |            1.817888|             4.939677|           0.017393|         6.774958
152  |*i_0_1_24    |            2.413418|             0.826184|           0.014353|         3.253956
153  |*i_0_1_44    |            2.366373|             5.144942|           0.021200|         7.532515
154  |*i_0_1_11    |            2.385576|             3.578852|           0.027858|         5.992287
155  |*i_0_1_46    |            0.679723|             0.251335|           0.018105|         0.949163
156  |*i_0_1_47    |            2.036762|             0.778744|           0.017393|         2.832899
157  |*i_0_1_48    |            3.791514|             1.260409|           0.022619|         5.074543
158  |*i_0_1_12    |            2.332006|             0.968611|           0.018105|         3.318722
159  |*i_0_1_55    |            0.697858|             0.504990|           0.017393|         1.220241
160  |*i_0_1_13    |            2.571553|             1.679316|           0.022619|         4.273488
161  |*i_0_1_14    |            0.784274|             0.347638|           0.027858|         1.159771
162  |*i_0_1_15    |            3.243744|             0.923708|           0.014353|         4.181806
163  |*i_0_1_16    |            0.232321|             5.181366|           0.014353|         5.428040
164  |*i_0_1_17    |            1.447563|             2.228369|           0.027858|         3.703790
165  |*i_0_1_27    |            1.674104|             0.957698|           0.021200|         2.653001
166  |*i_0_1_31    |            1.770243|             0.703873|           0.027858|         2.501975
167  |*i_0_1_43    |            8.425367|            10.671397|           0.014353|        19.111118
168  |*i_0_1_70    |            9.171918|             4.266950|           0.014353|        13.453221
169  |*i_0_1_71    |            9.001301|             5.549821|           0.014353|        14.565475
170  |*i_0_1_45    |            2.682267|             0.906004|           0.032612|         3.620883
171  |*i_0_1_52    |            3.464345|             2.707789|           0.014353|         6.186488
172  |*i_0_1_76    |            2.008955|             5.903510|           0.017393|         7.929858
173  |*i_0_1_77    |            2.891858|             5.898184|           0.014353|         8.804395
174  |*i_0_1_21    |            1.821961|             0.875825|           0.017393|         2.715179
175  |*i_0_1_29    |            0.058949|             0.183965|           0.014353|         0.257267
176  |*i_0_1_34    |            2.165475|             0.902012|           0.027858|         3.095345
177  |*i_0_1_56    |            0.888839|             0.302370|           0.014353|         1.205561
178  |*i_0_1_58    |            1.401257|             0.814140|           0.017393|         2.232790
179  |*i_0_1_63    |            1.668240|             0.962189|           0.017393|         2.647822
180  |*i_0_1_72    |            1.667615|             0.703096|           0.027858|         2.398570
181  |*i_0_1_85    |            1.467989|             0.589122|           0.018105|         2.075216
182  |*i_0_1_86    |            3.304119|             1.040920|           0.021200|         4.366238
183  |*i_0_1_87    |            2.382966|             0.661470|           0.018105|         3.062541
184  |*i_0_1_88    |            9.604101|             1.527755|           0.014353|        11.146209
185  |*i_0_1_93    |            9.615152|             1.457717|           0.014353|        11.087222
186  |*i_0_1_94    |            2.510755|             1.040920|           0.021200|         3.572874
187  |*i_0_1_97    |            9.414091|             2.732047|           0.014353|        12.160491
188  |*i_0_1_99    |            3.536374|             1.416745|           0.014353|         4.967472
189  |*i_0_1_53    |            3.102533|             0.988281|           0.032612|         4.123426
190  |*i_0_1_35    |            1.574896|             0.921176|           0.017393|         2.513466
191  |*i_0_1_81    |            1.976339|             3.171878|           0.017393|         5.165610
192  |*i_0_1_105   |            1.468095|             0.592164|           0.018105|         2.078364
193  |*i_0_1_106   |            3.304119|             1.040920|           0.021200|         4.366238
194  |*i_0_1_107   |            2.382966|             0.661470|           0.018105|         3.062541
195  |*i_0_1_108   |            1.023787|             1.527756|           0.014353|         2.565896
196  |*i_0_1_109   |            3.304119|             1.040920|           0.021200|         4.366238
197  |*i_0_1_110   |            2.382966|             0.661470|           0.018105|         3.062541
198  |*i_0_1_111   |            9.604101|             1.527755|           0.014353|        11.146209
199  |*i_0_1_112   |            1.465710|             0.523858|           0.018105|         2.007673
200  |*i_0_1_84    |            3.826368|             9.154404|           0.017393|        12.998165
201  |*i_0_1_54    |            3.329878|             3.614674|           0.034026|         6.978577
202  |*i_0_1_41    |            0.911611|             0.509004|           0.017393|         1.438008
203  |*i_0_1_118   |            2.629056|             1.145817|           0.014353|         3.789226
204  |*i_0_1_50    |            2.517046|             0.976195|           0.018105|         3.511346
205  |*i_0_1_120   |            8.987151|             5.663238|           0.014353|        14.664742
206  |*i_0_1_121   |            9.604101|             1.527755|           0.014353|        11.146209
207  |*i_0_1_104   |            1.622772|             0.629290|           0.018105|         2.270167
208  |*i_0_1_113   |           14.329357|            26.107704|           0.014353|        40.451412
209  |*i_0_1_60    |            8.712554|             7.864244|           0.014353|        16.591150
210  |*i_0_1_61    |            0.433128|             1.836186|           0.021200|         2.290514
211  |*i_0_1_32    |            0.205541|             3.197453|           0.014353|         3.417346
212  |*i_0_1_26    |            0.152513|             0.846072|           0.014353|         1.012938
213  |*i_0_1_10    |            0.200423|             2.238451|           0.017393|         2.456268
214  |*i_0_1_28    |            0.200523|             0.820729|           0.017393|         1.038646
215  |*i_0_1_96    |            2.582119|             5.903510|           0.017393|         8.503022
216  |*i_0_1_98    |            2.884326|             0.987390|           0.014353|         3.886070
217  |*i_0_1_30    |            0.664651|             0.900236|           0.017393|         1.582280
218  |*i_0_1_101   |            1.030894|             1.434603|           0.014353|         2.479850
219  |*i_0_1_33    |            0.174603|             0.334950|           0.021200|         0.530752
220  |*i_0_1_25    |            0.139634|             0.374392|           0.014353|         0.528378
221  |*i_0_1_36    |            0.286470|             3.271785|           0.017393|         3.575648
222  |*i_0_1_38    |            0.204047|             0.566840|           0.014353|         0.785240
223  |*i_0_1_130   |            9.628936|             1.370354|           0.014353|        11.013643
224  |*i_0_1_57    |            0.230939|             0.692737|           0.014353|         0.938030
225  |*i_0_1_79    |            0.205046|             0.634590|           0.014353|         0.853990
226  |*i_0_1_78    |            2.013470|             0.754361|           0.027858|         2.795689
227  |*i_0_1_73    |            0.084297|             0.192636|           0.017393|         0.294326
228  |*i_0_1_74    |            0.983858|             0.392796|           0.018105|         1.394759
229  |*i_0_1_90    |            2.482954|             0.907167|           0.021200|         3.411321
230  |*i_0_1_91    |            0.231813|             0.645346|           0.014353|         0.891512
231  |*i_0_1_92    |            0.204929|             0.590798|           0.014353|         0.810080
232  |*i_0_1_122   |            0.435624|             0.953261|           0.017393|         1.406279
233  |*i_0_1_124   |            3.546530|             3.031985|           0.014353|         6.592868
234  |*i_0_1_134   |            0.772207|             0.315047|           0.018105|         1.105360
235  |*i_0_1_135   |            0.387570|             0.167155|           0.018105|         0.572830
236  |*i_0_1_59    |            1.643986|             0.687568|           0.018105|         2.349659
237  |*i_0_1_39    |            1.591222|             4.371435|           0.017393|         5.980050
238  |*i_0_1_42    |            2.136242|             0.757355|           0.014353|         2.907950
239  |*i_0_1_49    |            1.661448|             0.910782|           0.017393|         2.589623
240  |*i_0_1_51    |            0.605856|             0.356944|           0.017393|         0.980193
241  |*i_0_1_62    |            0.084263|             0.188658|           0.017393|         0.290315
242  |*i_0_1_102   |            0.084341|             1.174047|           0.017393|         1.275781
243  |*i_0_1_95    |            0.152505|             0.909494|           0.014353|         1.076352
244  |*i_0_1_64    |            0.136298|             0.564133|           0.017393|         0.717824
245  |*i_0_1_20    |            0.059568|             0.987672|           0.014353|         1.061594
246  |*i_0_1_67    |            0.432935|             1.736087|           0.021200|         2.190221
247  |*i_0_1_123   |            1.593928|             0.927688|           0.021200|         2.542816
248  |*i_0_1_115   |            0.661787|             0.980568|           0.017393|         1.659748
249  |*i_0_1_119   |            0.586451|             0.210975|           0.021200|         0.818625
250  |*i_0_1_133   |            9.628936|             1.370354|           0.014353|        11.013643
251  |*i_0_1_131   |            1.865234|             0.862301|           0.027858|         2.755394
252  |*i_0_1_132   |            0.979678|             0.373648|           0.018105|         1.371431
253  |*i_0_1_128   |            0.200300|             0.752666|           0.017393|         0.970359
254  |*i_0_1_129   |            0.151692|             0.422296|           0.014353|         0.588342
255  |*i_0_1_139   |            0.232036|             0.728794|           0.014353|         0.975183
256  |*i_0_1_68    |            0.152333|             1.838075|           0.014353|         2.004761
257  |*i_0_1_65    |            0.151748|             0.443238|           0.014353|         0.609339
258  |*i_0_1_66    |            0.059509|             0.090889|           0.018105|         0.168503
259  |*i_0_1_89    |            0.901862|             0.288563|           0.022619|         1.213045
260  |*i_0_1_125   |            0.084140|             0.174306|           0.017393|         0.275839
261  |*i_0_1_126   |            2.956654|             0.928778|           0.018105|         3.903537
262  |*i_0_1_144   |            0.171749|             0.266001|           0.017393|         0.455143
263  |*i_0_1_145   |            1.181598|             0.484098|           0.018105|         1.683802
264  |*i_0_1_100   |            2.252529|             0.906063|           0.018105|         3.176697
265  |*i_0_1_136   |            0.615892|             0.304174|           0.017393|         0.937459
266  |*i_0_1_103   |            0.428278|             0.718142|           0.021200|         1.167620
267  |*i_0_1_116   |            0.757092|             0.905344|           0.036441|         1.698877
268  |*i_0_1_69    |            0.205046|             0.634590|           0.014353|         0.853990
269  |*i_0_1_75    |            1.563665|             1.142699|           0.014353|         2.720718
270  |*i_0_1_83    |            1.653752|             0.873023|           0.017393|         2.544168
271  |*i_0_1_117   |            1.763610|             0.924200|           0.017393|         2.705203
272  |*i_0_1_127   |            2.408458|             0.988109|           0.022619|         3.419187
273  |*i_0_1_80    |            2.484024|             0.886708|           0.017393|         3.388125
274  |*i_0_1_114   |            0.820231|             1.741634|           0.018105|         2.579970
275  |*i_0_1_82    |            2.485442|             0.845470|           0.017393|         3.348305
276  |*i_0_1_137   |            0.207451|             0.062747|           0.018105|         0.288302
277  |*i_0_1_138   |            0.021927|             0.048704|           0.017393|         0.088025
278  |*i_0_1_140   |            0.840040|             0.492972|           0.017393|         1.350405
279  |*i_0_1_141   |            1.511538|             0.494595|           0.018105|         2.024238
280  |             |                    |                     |                   |                 
281  |*TOTAL       |          659.444397|           580.340210|           5.311267|      1245.095947
-----+-------------+--------------------+---------------------+-------------------+-----------------
