Report End Points: 
-----+-------+------+-------+------+-----+-----+------+----------------------+----------------------
     |Group  |Launch|Capture|Shift |Delay|Depth|Slack |Begin Point           |End Point             
-----+-------+------+-------+------+-----+-----+------+----------------------+----------------------
1    |default|sysclk|sysclk |3000.0|231.0|    5|2575.1|current_state_reg[2]/Q|current_state_reg[1]/D
2    |default|sysclk|sysclk |3000.0|169.9|    6|2632.3|current_state_reg[1]/Q|current_state_reg[0]/D
3    |default|sysclk|sysclk |3000.0|115.0|    4|2687.2|current_state_reg[1]/Q|current_state_reg[2]/D
-----+-------+------+-------+------+-----+-----+------+----------------------+----------------------
Report End Points: 
-----+-----+--------------+-------+------+-----+-----+------+-----------+----------------------
     |Group|Launch        |Capture|Shift |Delay|Depth|Slack |Begin Point|End Point             
-----+-----+--------------+-------+------+-----+-----+------+-----------+----------------------
1    |I2R  |rtDefaultClock|sysclk |3000.0|290.8|    6|1969.2|ST[2]      |current_state_reg[1]/D
2    |I2R  |rtDefaultClock|sysclk |3000.0|242.7|    8|2023.3|ST[4]      |current_state_reg[0]/D
3    |I2R  |rtDefaultClock|sysclk |3000.0|222.5|    5|2043.5|ST[2]      |current_state_reg[2]/D
-----+-----+--------------+-------+------+-----+-----+------+-----------+----------------------
Report End Points: 
-----+-----+------+-------+-----+-----+-----+-----+-----------+---------
     |Group|Launch|Capture|Shift|Delay|Depth|Slack|Begin Point|End Point
-----+-----+------+-------+-----+-----+-----+-----+-----------+---------
1    |I2O  |      |       |     |     |     |     |           |         
-----+-----+------+-------+-----+-----+-----+-----+-----------+---------
Report End Points: 
-----+-----+------+-------+------+-----+-----+-----+----------------------+---------
     |Group|Launch|Capture|Shift |Delay|Depth|Slack|Begin Point           |End Point
-----+-----+------+-------+------+-----+-----+-----+----------------------+---------
1    |R2O  |sysclk|vsysclk|1000.0| 76.0|    2|165.2|current_state_reg[0]/Q|heater   
2    |R2O  |sysclk|vsysclk|1000.0| 68.8|    2|167.4|current_state_reg[1]/Q|rdoor    
3    |R2O  |sysclk|vsysclk|1000.0| 72.4|    2|168.8|current_state_reg[0]/Q|alarmbuzz
-----+-----+------+-------+------+-----+-----+-----+----------------------+---------
