warning: No library characterized for (process = 1.00 voltage = 0.85 temperature = 25.00) can be found in the database for power domain '/PD_TOP'  [NL-174]
Report Power (instances with prefix '*' are included in total) : 
-----+---------------------+--------------------+---------------------+-------------------+-----------------
     | Instance            | Internal Power(uw) | Switching Power(uw) | Leakage Power(uw) | Total Power(uw) 
-----+---------------------+--------------------+---------------------+-------------------+-----------------
1    |*current_state_reg[1]|            2.645756|             7.311380|           0.115104|        10.072240
2    |*current_state_reg[2]|            2.625810|             4.487470|           0.115104|         7.228384
3    |*current_state_reg[0]|            3.025101|            10.798030|           0.115104|        13.938236
4    |*i_0_1_0             |            0.194023|             0.109695|           0.017393|         0.321112
5    |*i_0_1_1             |            0.179289|             0.265975|           0.021200|         0.466464
6    |*i_0_2_0             |            0.227370|             0.129718|           0.017393|         0.374481
7    |*i_0_2_1             |            0.217544|             0.327064|           0.021200|         0.565808
8    |*i_0_3_0             |            0.229445|             0.130838|           0.017393|         0.377677
9    |*i_0_3_1             |            0.219647|             0.330495|           0.021200|         0.571341
10   |*i_0_4_0             |            1.550713|             0.791081|           0.021200|         2.362993
11   |*i_0_4_1             |            0.676006|             2.085467|           0.017393|         2.778866
12   |*i_0_4_2             |            1.033225|             1.173494|           0.014353|         2.221072
13   |*i_0_5_0             |            1.251621|             1.424111|           0.014353|         2.690085
14   |*i_0_5_1             |            0.864993|             2.526188|           0.017393|         3.408574
15   |*i_0_5_2             |            1.502233|             0.783450|           0.021200|         2.306882
16   |*i_0_6_0             |            0.462399|             0.253801|           0.021200|         0.737400
17   |*i_0_6_1             |            0.912724|             0.987867|           0.047399|         1.947990
18   |*i_0_6_2             |            0.981983|             0.915777|           0.022619|         1.920379
19   |*i_0_6_3             |            0.638411|             0.474082|           0.034026|         1.146519
20   |*i_0_6_4             |            0.221731|             0.463974|           0.017393|         0.703098
21   |*i_0_6_5             |            0.482763|             0.544755|           0.027858|         1.055376
22   |*i_0_6_6             |            0.860751|             1.337588|           0.027858|         2.226197
23   |*i_0_6_7             |            0.475609|             0.645758|           0.021200|         1.142566
24   |*i_0_6_8             |            0.859518|             1.309708|           0.027858|         2.197084
25   |*i_0_6_9             |            0.793756|             1.103167|           0.021200|         1.918123
26   |*i_0_6_10            |            0.936506|             2.705164|           0.022619|         3.664290
27   |*i_0_6_11            |            0.386873|             0.211531|           0.026832|         0.625236
28   |*i_0_6_12            |            0.511921|             0.672204|           0.026832|         1.210958
29   |*i_0_6_13            |            0.777232|             0.956253|           0.041741|         1.775227
30   |*i_0_6_14            |            1.011915|             2.455952|           0.027858|         3.495726
31   |*i_0_6_15            |            0.678397|             1.216762|           0.022619|         1.917778
32   |*i_0_6_16            |            0.837447|             1.392492|           0.021200|         2.251139
33   |*i_0_6_17            |            0.479830|             0.568444|           0.026832|         1.075106
34   |*i_0_6_18            |            0.303260|             0.611739|           0.014353|         0.929352
35   |*i_0_6_19            |            0.607904|             5.931917|           0.022619|         6.562441
36   |*i_0_6_20            |            0.618612|             0.808230|           0.026832|         1.453673
37   |*i_0_6_21            |            0.456495|             0.232116|           0.034566|         0.723177
38   |*i_0_6_22            |            0.376405|             0.584690|           0.014353|         0.975449
39   |*i_0_6_23            |            0.592573|             4.974438|           0.022619|         5.589630
40   |*i_0_6_24            |            0.422117|             3.376384|           0.017393|         3.815894
41   |*i_0_6_25            |            0.445014|             1.790208|           0.021200|         2.256422
42   |*i_0_6_26            |            0.654515|             1.265544|           0.021200|         1.941258
43   |*i_0_6_27            |            0.199526|             0.273208|           0.021200|         0.493934
44   |*i_0_6_28            |            0.469575|             4.221380|           0.014353|         4.705308
45   |*i_0_6_29            |            1.128546|            10.680764|           0.022619|        11.831929
46   |*i_0_6_30            |            0.704587|             0.630440|           0.024415|         1.359441
47   |*i_0_6_31            |            0.727183|             0.626554|           0.026481|         1.380219
48   |*i_0_6_32            |            0.526577|             1.291622|           0.032612|         1.850811
49   |*i_0_6_33            |            0.605953|             0.815312|           0.026832|         1.448097
50   |*i_0_6_34            |            0.427075|             1.849381|           0.021200|         2.297656
51   |*i_0_6_35            |            0.264275|             1.599768|           0.021200|         1.885243
52   |*i_0_6_36            |            0.013740|             0.022962|           0.026832|         0.063534
53   |*i_0_6_37            |            0.302565|             0.956569|           0.014353|         1.273487
54   |*i_0_6_38            |            0.429655|             5.654072|           0.021200|         6.104927
55   |*i_0_6_39            |            0.154382|             0.935770|           0.014353|         1.104506
56   |*i_0_6_40            |            0.223656|             3.352976|           0.021200|         3.597832
57   |*i_0_6_41            |            0.761042|             1.992989|           0.021200|         2.775231
58   |*i_0_6_42            |            0.977809|             6.810830|           0.027858|         7.816497
59   |*i_0_6_43            |            0.633759|             1.447907|           0.021200|         2.102865
60   |*i_0_6_44            |            0.501857|             0.640071|           0.026832|         1.168759
61   |*i_0_6_45            |            0.205168|             1.839223|           0.014353|         2.058744
62   |*i_0_6_46            |            1.379190|             3.157192|           0.014353|         4.550735
63   |*i_0_6_47            |            0.178314|             1.094588|           0.014353|         1.287254
64   |*i_0_6_48            |            0.932879|             2.855252|           0.014353|         3.802484
65   |*i_0_6_49            |            0.791707|             5.691240|           0.014353|         6.497301
66   |*i_0_6_50            |            1.029130|             1.457717|           0.014353|         2.501200
67   |*rt_shieldBuf__1     |            0.468019|             4.050831|           0.021438|         4.540288
68   |                     |                    |                     |                   |                 
69   |*TOTAL               |           47.265621|           134.413620|           1.760755|       183.439987
-----+---------------------+--------------------+---------------------+-------------------+-----------------
